1000	avg = 179504	max = 365364
	512	100%	(0.1%)
	1024	99.9%	(2.2%)
	2048	97.7%	(2%)
	4096	95.7%	(13.3%)
	8192	82.4%	(50.2%)
	16384	32.2%	(32.2%)

2000	avg = 184955	max = 357968
	128	100%	(0.1%)
	256	99.9%	(0.1%)
	512	99.8%	(0.4%)
	1024	99.4%	(1.7%)
	2048	97.7%	(2.1%)
	4096	95.6%	(12.5%)
	8192	83.1%	(46.7%)
	16384	36.4%	(36.4%)

3000	avg = 187644	max = 364476
	128	100%	(0.1%)
	512	99.9%	(0.3%)
	1024	99.6%	(1.5%)
	2048	98.1%	(2.5%)
	4096	95.6%	(11.7%)
	8192	83.9%	(46.4%)
	16384	37.5%	(37.5%)

4000	avg = 188310	max = 366484
	32	100%	(0.1%)
	256	99.9%	(0.1%)
	512	99.8%	(0.1%)
	1024	99.7%	(2.1%)
	2048	97.6%	(2.6%)
	4096	95%	(10.1%)
	8192	84.9%	(47.6%)
	16384	37.3%	(37.3%)

5000	avg = 190039	max = 361428
	512	100%	(0.8%)
	1024	99.2%	(0.9%)
	2048	98.3%	(3%)
	4096	95.3%	(11.6%)
	8192	83.7%	(44.8%)
	16384	38.9%	(38.9%)

6000	avg = 193723	max = 360224
	512	100%	(0.6%)
	1024	99.4%	(1.4%)
	2048	98%	(2.8%)
	4096	95.2%	(9.5%)
	8192	85.7%	(44.7%)
	16384	41%	(41%)

7000	avg = 189655	max = 362076
	512	100%	(0.5%)
	1024	99.5%	(1.6%)
	2048	97.9%	(2.8%)
	4096	95.1%	(11.6%)
	8192	83.5%	(44.7%)
	16384	38.8%	(38.8%)

8000	avg = 187104	max = 361460
	512	100%	(0.9%)
	1024	99.1%	(1.7%)
	2048	97.4%	(1.9%)
	4096	95.5%	(10%)
	8192	85.5%	(49.7%)
	16384	35.8%	(35.8%)

9000	avg = 193613	max = 386076
	128	100%	(0.1%)
	512	99.9%	(0.4%)
	1024	99.5%	(0.7%)
	2048	98.8%	(2%)
	4096	96.8%	(13.1%)
	8192	83.7%	(42.7%)
	16384	41%	(41%)

10000	avg = 194245	max = 361488
	256	100%	(0.1%)
	512	99.9%	(0.3%)
	1024	99.6%	(1.4%)
	2048	98.2%	(1.3%)
	4096	96.9%	(10%)
	8192	86.9%	(47.4%)
	16384	39.5%	(39.5%)

11000	avg = 200113	max = 362572
	1024	100%	(0.7%)
	2048	99.3%	(1.9%)
	4096	97.4%	(10.3%)
	8192	87.1%	(44.1%)
	16384	43%	(43%)

12000	avg = 198645	max = 377588
	256	100%	(0.2%)
	512	99.8%	(0.5%)
	1024	99.3%	(0.4%)
	2048	98.9%	(2.3%)
	4096	96.6%	(9.8%)
	8192	86.8%	(44.6%)
	16384	42.2%	(42.2%)

13000	avg = 200453	max = 342972
	512	100%	(0.1%)
	1024	99.9%	(1.2%)
	2048	98.7%	(2.7%)
	4096	96%	(8.6%)
	8192	87.4%	(43.5%)
	16384	43.9%	(43.9%)

14000	avg = 195718	max = 372536
	128	100%	(0.1%)
	256	99.9%	(0.1%)
	512	99.8%	(0.2%)
	1024	99.6%	(1.2%)
	2048	98.4%	(2.1%)
	4096	96.3%	(8.5%)
	8192	87.8%	(47.5%)
	16384	40.3%	(40.3%)

15000	avg = 197960	max = 378332
	512	100%	(0.4%)
	1024	99.6%	(1.1%)
	2048	98.5%	(1.6%)
	4096	96.9%	(9.6%)
	8192	87.3%	(46.6%)
	16384	40.7%	(40.7%)

16000	avg = 198994	max = 361464
	512	100%	(0.2%)
	1024	99.8%	(0.9%)
	2048	98.9%	(2.1%)
	4096	96.8%	(9.3%)
	8192	87.5%	(45.7%)
	16384	41.8%	(41.8%)

17000	avg = 202492	max = 364716
	512	100%	(0.3%)
	1024	99.7%	(1.6%)
	2048	98.1%	(2.2%)
	4096	95.9%	(9.8%)
	8192	86.1%	(41.3%)
	16384	44.8%	(44.8%)

18000	avg = 198772	max = 357624
	1024	100%	(1%)
	2048	99%	(2.4%)
	4096	96.6%	(11.9%)
	8192	84.7%	(40.8%)
	16384	43.9%	(43.9%)

19000	avg = 199427	max = 363044
	512	100%	(0.5%)
	1024	99.5%	(0.6%)
	2048	98.9%	(1.8%)
	4096	97.1%	(10.1%)
	8192	87%	(44%)
	16384	43%	(43%)

20000	avg = 200873	max = 377996
	32	100%	(0.1%)
	512	99.9%	(0.4%)
	1024	99.5%	(0.5%)
	2048	99%	(2.1%)
	4096	96.9%	(10.2%)
	8192	86.7%	(42.3%)
	16384	44.4%	(44.4%)

21000	avg = 195248	max = 341392
	512	100%	(0.1%)
	1024	99.9%	(1.2%)
	2048	98.7%	(2.9%)
	4096	95.8%	(9.8%)
	8192	86%	(45.1%)
	16384	40.9%	(40.9%)

22000	avg = 202473	max = 364956
	512	100%	(0.5%)
	1024	99.5%	(0.8%)
	2048	98.7%	(1.7%)
	4096	97%	(9.5%)
	8192	87.5%	(43.3%)
	16384	44.2%	(44.2%)

23000	avg = 201079	max = 363268
	512	100%	(0.2%)
	1024	99.8%	(0.6%)
	2048	99.2%	(2.1%)
	4096	97.1%	(8.9%)
	8192	88.2%	(44.7%)
	16384	43.5%	(43.5%)

24000	avg = 197898	max = 366988
	256	100%	(0.2%)
	512	99.8%	(0.7%)
	1024	99.1%	(0.7%)
	2048	98.4%	(1.4%)
	4096	97%	(11.1%)
	8192	85.9%	(43.8%)
	16384	42.1%	(42.1%)

25000	avg = 199674	max = 366104
	256	100%	(0.1%)
	512	99.9%	(0.2%)
	1024	99.7%	(1.1%)
	2048	98.6%	(1.9%)
	4096	96.7%	(8.5%)
	8192	88.2%	(46%)
	16384	42.2%	(42.2%)

26000	avg = 203494	max = 384868
	512	100%	(0.6%)
	1024	99.4%	(0.7%)
	2048	98.7%	(2.1%)
	4096	96.6%	(8.3%)
	8192	88.3%	(43.9%)
	16384	44.4%	(44.4%)

27000	avg = 203570	max = 364796
	32	100%	(0.1%)
	256	99.9%	(0.2%)
	512	99.7%	(0.4%)
	1024	99.3%	(1.3%)
	2048	98%	(1.4%)
	4096	96.6%	(8.3%)
	8192	88.3%	(43.1%)
	16384	45.2%	(45.2%)

28000	avg = 204177	max = 356136
	64	100%	(0.1%)
	512	99.9%	(0.1%)
	1024	99.8%	(1.2%)
	2048	98.6%	(1.6%)
	4096	97%	(9.2%)
	8192	87.8%	(41.6%)
	16384	46.2%	(46.2%)

29000	avg = 199758	max = 366340
	32	100%	(0.1%)
	512	99.9%	(0.3%)
	1024	99.6%	(1.4%)
	2048	98.2%	(1.7%)
	4096	96.5%	(10.2%)
	8192	86.3%	(42.3%)
	16384	44%	(44%)

30000	avg = 200857	max = 364036
	256	100%	(0.1%)
	512	99.9%	(0.2%)
	1024	99.7%	(1.2%)
	2048	98.5%	(1.9%)
	4096	96.6%	(8.9%)
	8192	87.7%	(44.9%)
	16384	42.8%	(42.8%)

31000	avg = 206509	max = 371596
	64	100%	(0.1%)
	512	99.9%	(0.2%)
	1024	99.7%	(0.9%)
	2048	98.8%	(1.4%)
	4096	97.4%	(7.5%)
	8192	89.9%	(43.2%)
	16384	46.7%	(46.7%)

32000	avg = 201713	max = 362840
	512	100%	(0.3%)
	1024	99.7%	(1.2%)
	2048	98.5%	(1.1%)
	4096	97.4%	(9.4%)
	8192	88%	(44.4%)
	16384	43.6%	(43.6%)

33000	avg = 200637	max = 365388
	256	100%	(0.1%)
	1024	99.9%	(0.7%)
	2048	99.2%	(2.4%)
	4096	96.8%	(9.4%)
	8192	87.4%	(44%)
	16384	43.4%	(43.4%)

34000	avg = 202485	max = 364656
	64	100%	(0.1%)
	512	99.9%	(0.2%)
	1024	99.7%	(0.4%)
	2048	99.3%	(2.1%)
	4096	97.2%	(9.5%)
	8192	87.7%	(43.5%)
	16384	44.2%	(44.2%)

35000	avg = 203295	max = 367128
	512	100%	(0.4%)
	1024	99.6%	(0.7%)
	2048	98.9%	(1.6%)
	4096	97.3%	(8.8%)
	8192	88.5%	(44%)
	16384	44.5%	(44.5%)

36000	avg = 202036	max = 362344
	512	100%	(0.6%)
	1024	99.4%	(0.9%)
	2048	98.5%	(1.1%)
	4096	97.4%	(9.2%)
	8192	88.2%	(44.6%)
	16384	43.6%	(43.6%)

37000	avg = 204061	max = 383496
	512	100%	(0.1%)
	1024	99.9%	(0.9%)
	2048	99%	(1.2%)
	4096	97.8%	(9%)
	8192	88.8%	(44.9%)
	16384	43.9%	(43.9%)

38000	avg = 208045	max = 381160
	256	100%	(0.1%)
	512	99.9%	(0.3%)
	1024	99.6%	(0.8%)
	2048	98.8%	(1.9%)
	4096	96.9%	(7.9%)
	8192	89%	(41.3%)
	16384	47.7%	(47.7%)

39000	avg = 203891	max = 362628
	512	100%	(0.6%)
	1024	99.4%	(0.5%)
	2048	98.9%	(1.8%)
	4096	97.1%	(8.5%)
	8192	88.6%	(44.9%)
	16384	43.7%	(43.7%)

40000	avg = 205025	max = 366216
	512	100%	(0.1%)
	1024	99.9%	(0.9%)
	2048	99%	(1.9%)
	4096	97.1%	(9.2%)
	8192	87.9%	(42.5%)
	16384	45.4%	(45.4%)

41000	avg = 201391	max = 366548
	256	100%	(0.1%)
	512	99.9%	(0.3%)
	1024	99.6%	(1.3%)
	2048	98.3%	(1.7%)
	4096	96.6%	(9.1%)
	8192	87.5%	(44.7%)
	16384	42.8%	(42.8%)

42000	avg = 202272	max = 362936
	64	100%	(0.1%)
	256	99.9%	(0.1%)
	512	99.8%	(0.2%)
	1024	99.6%	(0.9%)
	2048	98.7%	(1.6%)
	4096	97.1%	(11.5%)
	8192	85.6%	(40.6%)
	16384	45%	(45%)

43000	avg = 207581	max = 360268
	512	100%	(0.4%)
	1024	99.6%	(0.9%)
	2048	98.7%	(1.5%)
	4096	97.2%	(8%)
	8192	89.2%	(41.4%)
	16384	47.8%	(47.8%)

44000	avg = 204825	max = 380884
	256	100%	(0.2%)
	512	99.8%	(0.5%)
	1024	99.3%	(1.3%)
	2048	98%	(1.9%)
	4096	96.1%	(7.8%)
	8192	88.3%	(43.1%)
	16384	45.2%	(45.2%)

45000	avg = 207512	max = 364460
	256	100%	(0.1%)
	512	99.9%	(0.2%)
	1024	99.7%	(0.5%)
	2048	99.2%	(2.3%)
	4096	96.9%	(7.6%)
	8192	89.3%	(42.6%)
	16384	46.7%	(46.7%)

46000	avg = 204719	max = 362968
	512	100%	(0.1%)
	1024	99.9%	(1.3%)
	2048	98.6%	(1%)
	4096	97.6%	(7.8%)
	8192	89.8%	(45.8%)
	16384	44%	(44%)

47000	avg = 207346	max = 366388
	512	100%	(0.4%)
	1024	99.6%	(0.7%)
	2048	98.9%	(1.5%)
	4096	97.4%	(7.7%)
	8192	89.7%	(43.2%)
	16384	46.5%	(46.5%)

48000	avg = 207678	max = 366504
	128	100%	(0.1%)
	256	99.9%	(0.1%)
	512	99.8%	(0.4%)
	1024	99.4%	(1%)
	2048	98.4%	(2%)
	4096	96.4%	(7.9%)
	8192	88.5%	(41.3%)
	16384	47.2%	(47.2%)

49000	avg = 206358	max = 372796
	512	100%	(0.3%)
	1024	99.7%	(0.9%)
	2048	98.8%	(1.9%)
	4096	96.9%	(9.9%)
	8192	87%	(40.1%)
	16384	46.9%	(46.9%)

50000	avg = 206847	max = 364548
	512	100%	(0.2%)
	1024	99.8%	(0.7%)
	2048	99.1%	(1.6%)
	4096	97.5%	(9.1%)
	8192	88.4%	(42.6%)
	16384	45.8%	(45.8%)

51000	avg = 207676	max = 365092
	64	100%	(0.1%)
	128	99.9%	(0.1%)
	512	99.8%	(0.2%)
	1024	99.6%	(0.5%)
	2048	99.1%	(1.3%)
	4096	97.8%	(8.7%)
	8192	89.1%	(42.6%)
	16384	46.5%	(46.5%)

52000	avg = 207502	max = 377036
	512	100%	(0.1%)
	1024	99.9%	(0.7%)
	2048	99.2%	(2.3%)
	4096	96.9%	(7.5%)
	8192	89.4%	(41.9%)
	16384	47.5%	(47.5%)

53000	avg = 207527	max = 362384
	256	100%	(0.1%)
	512	99.9%	(0.3%)
	1024	99.6%	(0.8%)
	2048	98.8%	(1.3%)
	4096	97.5%	(8%)
	8192	89.5%	(43.1%)
	16384	46.4%	(46.4%)

54000	avg = 205050	max = 366840
	128	100%	(0.1%)
	256	99.9%	(0.1%)
	512	99.8%	(0.4%)
	1024	99.4%	(0.4%)
	2048	99%	(1.2%)
	4096	97.8%	(11%)
	8192	86.8%	(40.8%)
	16384	46%	(46%)

55000	avg = 204690	max = 366332
	512	100%	(0.1%)
	1024	99.9%	(0.9%)
	2048	99%	(1.8%)
	4096	97.2%	(9%)
	8192	88.2%	(44.6%)
	16384	43.6%	(43.6%)

56000	avg = 203213	max = 356332
	512	100%	(0.3%)
	1024	99.7%	(0.7%)
	2048	99%	(1.7%)
	4096	97.3%	(9.8%)
	8192	87.5%	(42.6%)
	16384	44.9%	(44.9%)

57000	avg = 206740	max = 367168
	1024	100%	(0.7%)
	2048	99.3%	(1.3%)
	4096	98%	(10.1%)
	8192	87.9%	(41.9%)
	16384	46%	(46%)

58000	avg = 205336	max = 362744
	1024	100%	(0.5%)
	2048	99.5%	(1.8%)
	4096	97.7%	(8%)
	8192	89.7%	(45.3%)
	16384	44.4%	(44.4%)

59000	avg = 205107	max = 383332
	512	100%	(0.3%)
	1024	99.7%	(1.7%)
	2048	98%	(1.8%)
	4096	96.2%	(8.3%)
	8192	87.9%	(42.6%)
	16384	45.3%	(45.3%)

60000	avg = 209874	max = 381304
	1024	100%	(0.9%)
	2048	99.1%	(1.8%)
	4096	97.3%	(7.6%)
	8192	89.7%	(42.4%)
	16384	47.3%	(47.3%)

61000	avg = 205575	max = 361540
	512	100%	(0.4%)
	1024	99.6%	(0.9%)
	2048	98.7%	(2.1%)
	4096	96.6%	(7.7%)
	8192	88.9%	(43.2%)
	16384	45.7%	(45.7%)

62000	avg = 204182	max = 367780
	1024	100%	(0.8%)
	2048	99.2%	(1.8%)
	4096	97.4%	(8.5%)
	8192	88.9%	(45.1%)
	16384	43.8%	(43.8%)

63000	avg = 209437	max = 376092
	64	100%	(0.1%)
	512	99.9%	(0.2%)
	1024	99.7%	(0.6%)
	2048	99.1%	(1.3%)
	4096	97.8%	(7.7%)
	8192	90.1%	(44%)
	16384	46.1%	(46.1%)

64000	avg = 210566	max = 381332
	512	100%	(0.2%)
	1024	99.8%	(0.8%)
	2048	99%	(1.5%)
	4096	97.5%	(7.4%)
	8192	90.1%	(43.3%)
	16384	46.8%	(46.8%)

65000	avg = 208362	max = 366144
	512	100%	(0.1%)
	1024	99.9%	(1%)
	2048	98.9%	(1.2%)
	4096	97.7%	(8.8%)
	8192	88.9%	(42%)
	16384	46.9%	(46.9%)

66000	avg = 207086	max = 365040
	256	100%	(0.1%)
	512	99.9%	(0.2%)
	1024	99.7%	(1.2%)
	2048	98.5%	(1.1%)
	4096	97.4%	(8.9%)
	8192	88.5%	(41.9%)
	16384	46.6%	(46.6%)

67000	avg = 205547	max = 383208
	512	100%	(0.3%)
	1024	99.7%	(1.1%)
	2048	98.6%	(1.7%)
	4096	96.9%	(9.1%)
	8192	87.8%	(42.7%)
	16384	45.1%	(45.1%)

68000	avg = 209528	max = 376460
	1024	100%	(1%)
	2048	99%	(2%)
	4096	97%	(7.9%)
	8192	89.1%	(41.2%)
	16384	47.9%	(47.9%)

69000	avg = 209635	max = 364944
	32	100%	(0.1%)
	512	99.9%	(0.4%)
	1024	99.5%	(1%)
	2048	98.5%	(1.8%)
	4096	96.7%	(7%)
	8192	89.7%	(42.8%)
	16384	46.9%	(46.9%)

70000	avg = 209515	max = 367836
	128	100%	(0.1%)
	512	99.9%	(0.1%)
	1024	99.8%	(1.1%)
	2048	98.7%	(1.4%)
	4096	97.3%	(7.1%)
	8192	90.2%	(43.2%)
	16384	47%	(47%)

71000	avg = 206925	max = 375304
	128	100%	(0.1%)
	256	99.9%	(0.2%)
	512	99.7%	(0.1%)
	1024	99.6%	(1%)
	2048	98.6%	(1.8%)
	4096	96.8%	(7.8%)
	8192	89%	(42.8%)
	16384	46.2%	(46.2%)

72000	avg = 210884	max = 366428
	128	100%	(0.1%)
	512	99.9%	(0.2%)
	1024	99.7%	(0.6%)
	2048	99.1%	(1.5%)
	4096	97.6%	(6.6%)
	8192	91%	(42.8%)
	16384	48.2%	(48.2%)

73000	avg = 209695	max = 365676
	256	100%	(0.2%)
	512	99.8%	(0.3%)
	1024	99.5%	(0.8%)
	2048	98.7%	(1.4%)
	4096	97.3%	(9.5%)
	8192	87.8%	(40.2%)
	16384	47.6%	(47.6%)

74000	avg = 206278	max = 363584
	512	100%	(0.2%)
	1024	99.8%	(0.5%)
	2048	99.3%	(2%)
	4096	97.3%	(9.1%)
	8192	88.2%	(41.8%)
	16384	46.4%	(46.4%)

75000	avg = 209218	max = 366436
	256	100%	(0.1%)
	512	99.9%	(0.2%)
	1024	99.7%	(0.9%)
	2048	98.8%	(1.7%)
	4096	97.1%	(6.5%)
	8192	90.6%	(44.1%)
	16384	46.5%	(46.5%)

76000	avg = 212193	max = 366256
	256	100%	(0.1%)
	512	99.9%	(0.3%)
	1024	99.6%	(0.5%)
	2048	99.1%	(0.7%)
	4096	98.4%	(9.4%)
	8192	89%	(40.2%)
	16384	48.8%	(48.8%)

77000	avg = 208282	max = 377640
	512	100%	(0.3%)
	1024	99.7%	(1.2%)
	2048	98.5%	(0.9%)
	4096	97.6%	(8.2%)
	8192	89.4%	(43.3%)
	16384	46.1%	(46.1%)

78000	avg = 210291	max = 363124
	512	100%	(0.4%)
	1024	99.6%	(0.7%)
	2048	98.9%	(1.2%)
	4096	97.7%	(8.2%)
	8192	89.5%	(42.1%)
	16384	47.4%	(47.4%)

79000	avg = 212467	max = 361280
	32	100%	(0.1%)
	512	99.9%	(0.5%)
	1024	99.4%	(0.4%)
	2048	99%	(0.5%)
	4096	98.5%	(7%)
	8192	91.5%	(43.6%)
	16384	47.9%	(47.9%)

80000	avg = 208358	max = 365804
	128	100%	(0.1%)
	512	99.9%	(0.2%)
	1024	99.7%	(1.1%)
	2048	98.6%	(1.4%)
	4096	97.2%	(8.1%)
	8192	89.1%	(42%)
	16384	47.1%	(47.1%)

81000	avg = 207516	max = 367000
	512	100%	(0.4%)
	1024	99.6%	(1.2%)
	2048	98.4%	(1.6%)
	4096	96.8%	(8.5%)
	8192	88.3%	(42%)
	16384	46.3%	(46.3%)

82000	avg = 212400	max = 362732
	256	100%	(0.1%)
	512	99.9%	(0.2%)
	1024	99.7%	(1%)
	2048	98.7%	(1.8%)
	4096	96.9%	(7.7%)
	8192	89.2%	(40.5%)
	16384	48.7%	(48.7%)

83000	avg = 207590	max = 365624
	32	100%	(0.1%)
	64	99.9%	(0.1%)
	1024	99.8%	(0.9%)
	2048	98.9%	(0.9%)
	4096	98%	(9.8%)
	8192	88.2%	(41.6%)
	16384	46.6%	(46.6%)

84000	avg = 214100	max = 365528
	512	100%	(0.1%)
	1024	99.9%	(0.4%)
	2048	99.5%	(1.3%)
	4096	98.2%	(7.4%)
	8192	90.8%	(41.8%)
	16384	49%	(49%)

85000	avg = 209432	max = 374052
	512	100%	(0.2%)
	1024	99.8%	(0.2%)
	2048	99.6%	(1.7%)
	4096	97.9%	(8.4%)
	8192	89.5%	(42.8%)
	16384	46.7%	(46.7%)

86000	avg = 207868	max = 366124
	512	100%	(0.1%)
	1024	99.9%	(0.6%)
	2048	99.3%	(1.8%)
	4096	97.5%	(9.5%)
	8192	88%	(41.3%)
	16384	46.7%	(46.7%)

87000	avg = 212064	max = 365144
	512	100%	(0.5%)
	1024	99.5%	(0.3%)
	2048	99.2%	(2%)
	4096	97.2%	(8.2%)
	8192	89%	(39.7%)
	16384	49.3%	(49.3%)

88000	avg = 210733	max = 361492
	256	100%	(0.1%)
	512	99.9%	(0.3%)
	1024	99.6%	(0.8%)
	2048	98.8%	(1%)
	4096	97.8%	(8.8%)
	8192	89%	(40.9%)
	16384	48.1%	(48.1%)

89000	avg = 212327	max = 365216
	512	100%	(0.2%)
	1024	99.8%	(0.3%)
	2048	99.5%	(1.5%)
	4096	98%	(8.3%)
	8192	89.7%	(40.8%)
	16384	48.9%	(48.9%)

90000	avg = 207806	max = 381416
	1024	100%	(0.9%)
	2048	99.1%	(2.2%)
	4096	96.9%	(7.8%)
	8192	89.1%	(42.7%)
	16384	46.4%	(46.4%)

91000	avg = 207466	max = 367828
	128	100%	(0.1%)
	512	99.9%	(0.4%)
	1024	99.5%	(0.9%)
	2048	98.6%	(2%)
	4096	96.6%	(8.8%)
	8192	87.8%	(40%)
	16384	47.8%	(47.8%)

92000	avg = 205915	max = 365544
	512	100%	(0.4%)
	1024	99.6%	(0.5%)
	2048	99.1%	(1.9%)
	4096	97.2%	(8.3%)
	8192	88.9%	(43.1%)
	16384	45.8%	(45.8%)

93000	avg = 211604	max = 365004
	256	100%	(0.1%)
	512	99.9%	(0.1%)
	1024	99.8%	(0.5%)
	2048	99.3%	(0.7%)
	4096	98.6%	(8.3%)
	8192	90.3%	(43.1%)
	16384	47.2%	(47.2%)

94000	avg = 211465	max = 368040
	512	100%	(0.1%)
	1024	99.9%	(1.1%)
	2048	98.8%	(1.5%)
	4096	97.3%	(7.9%)
	8192	89.4%	(41.6%)
	16384	47.8%	(47.8%)

95000	avg = 209978	max = 375992
	512	100%	(0.2%)
	1024	99.8%	(1%)
	2048	98.8%	(1.3%)
	4096	97.5%	(9%)
	8192	88.5%	(42%)
	16384	46.5%	(46.5%)

96000	avg = 208324	max = 362552
	256	100%	(0.1%)
	512	99.9%	(0.1%)
	1024	99.8%	(0.4%)
	2048	99.4%	(2.1%)
	4096	97.3%	(7.2%)
	8192	90.1%	(44.1%)
	16384	46%	(46%)

97000	avg = 210627	max = 366900
	512	100%	(0.1%)
	1024	99.9%	(0.7%)
	2048	99.2%	(1.5%)
	4096	97.7%	(7.7%)
	8192	90%	(42.1%)
	16384	47.9%	(47.9%)

98000	avg = 212046	max = 366308
	512	100%	(0.1%)
	1024	99.9%	(1.3%)
	2048	98.6%	(1.7%)
	4096	96.9%	(7.3%)
	8192	89.6%	(38.6%)
	16384	51%	(51%)

99000	avg = 212355	max = 363412
	256	100%	(0.1%)
	512	99.9%	(0.1%)
	1024	99.8%	(0.7%)
	2048	99.1%	(0.7%)
	4096	98.4%	(8.7%)
	8192	89.7%	(40.6%)
	16384	49.1%	(49.1%)

100000	avg = 210306	max = 375988
	512	100%	(0.3%)
	1024	99.7%	(0.9%)
	2048	98.8%	(1%)
	4096	97.8%	(9.1%)
	8192	88.7%	(41%)
	16384	47.7%	(47.7%)

101000	avg = 212975	max = 366204
	32	100%	(0.1%)
	256	99.9%	(0.1%)
	512	99.8%	(0.3%)
	1024	99.5%	(0.9%)
	2048	98.6%	(1%)
	4096	97.6%	(9.2%)
	8192	88.4%	(37.8%)
	16384	50.6%	(50.6%)

102000	avg = 207959	max = 370572
	512	100%	(0.3%)
	1024	99.7%	(0.8%)
	2048	98.9%	(1.8%)
	4096	97.1%	(8.6%)
	8192	88.5%	(41.8%)
	16384	46.7%	(46.7%)

103000	avg = 212885	max = 361664
	512	100%	(0.1%)
	1024	99.9%	(0.4%)
	2048	99.5%	(1.8%)
	4096	97.7%	(7.4%)
	8192	90.3%	(42.6%)
	16384	47.7%	(47.7%)

104000	avg = 208032	max = 366576
	256	100%	(0.1%)
	512	99.9%	(0.4%)
	1024	99.5%	(1.1%)
	2048	98.4%	(2.1%)
	4096	96.3%	(7.9%)
	8192	88.4%	(41.8%)
	16384	46.6%	(46.6%)

105000	avg = 213343	max = 366464
	1024	100%	(0.7%)
	2048	99.3%	(1.9%)
	4096	97.4%	(8.7%)
	8192	88.7%	(38.8%)
	16384	49.9%	(49.9%)

106000	avg = 210106	max = 365492
	256	100%	(0.1%)
	512	99.9%	(0.3%)
	1024	99.6%	(1%)
	2048	98.6%	(2%)
	4096	96.6%	(8.7%)
	8192	87.9%	(39.3%)
	16384	48.6%	(48.6%)

107000	avg = 212846	max = 362484
	512	100%	(0.2%)
	1024	99.8%	(0.8%)
	2048	99%	(0.9%)
	4096	98.1%	(7.2%)
	8192	90.9%	(43.1%)
	16384	47.8%	(47.8%)

108000	avg = 206805	max = 380888
	256	100%	(0.1%)
	512	99.9%	(0.6%)
	1024	99.3%	(1.1%)
	2048	98.2%	(1.1%)
	4096	97.1%	(8.1%)
	8192	89%	(42.3%)
	16384	46.7%	(46.7%)

109000	avg = 207901	max = 371816
	16	100%	(0.1%)
	512	99.9%	(0.3%)
	1024	99.6%	(0.6%)
	2048	99%	(2%)
	4096	97%	(8.7%)
	8192	88.3%	(41.1%)
	16384	47.2%	(47.2%)

110000	avg = 212744	max = 369444
	512	100%	(0.1%)
	1024	99.9%	(0.7%)
	2048	99.2%	(1.1%)
	4096	98.1%	(7.9%)
	8192	90.2%	(42.1%)
	16384	48.1%	(48.1%)

111000	avg = 211838	max = 362280
	256	100%	(0.1%)
	512	99.9%	(0.3%)
	1024	99.6%	(0.9%)
	2048	98.7%	(1.4%)
	4096	97.3%	(8.2%)
	8192	89.1%	(41%)
	16384	48.1%	(48.1%)

112000	avg = 212563	max = 373548
	512	100%	(0.4%)
	1024	99.6%	(0.6%)
	2048	99%	(1.4%)
	4096	97.6%	(8.6%)
	8192	89%	(39.5%)
	16384	49.5%	(49.5%)

113000	avg = 209688	max = 362172
	64	100%	(0.1%)
	512	99.9%	(0.1%)
	1024	99.8%	(0.9%)
	2048	98.9%	(1.1%)
	4096	97.8%	(8.2%)
	8192	89.6%	(42.9%)
	16384	46.7%	(46.7%)

114000	avg = 208942	max = 366352
	512	100%	(0.1%)
	1024	99.9%	(0.8%)
	2048	99.1%	(1.7%)
	4096	97.4%	(7.6%)
	8192	89.8%	(43.6%)
	16384	46.2%	(46.2%)

115000	avg = 212500	max = 367400
	256	100%	(0.1%)
	1024	99.9%	(0.6%)
	2048	99.3%	(1.9%)
	4096	97.4%	(7.9%)
	8192	89.5%	(42.1%)
	16384	47.4%	(47.4%)

116000	avg = 215555	max = 374048
	512	100%	(0.3%)
	1024	99.7%	(0.1%)
	2048	99.6%	(1.9%)
	4096	97.7%	(6.6%)
	8192	91.1%	(41.4%)
	16384	49.7%	(49.7%)

117000	avg = 208038	max = 364572
	512	100%	(0.1%)
	1024	99.9%	(1.1%)
	2048	98.8%	(1.6%)
	4096	97.2%	(9%)
	8192	88.2%	(42.2%)
	16384	46%	(46%)

118000	avg = 214510	max = 366540
	256	100%	(0.1%)
	512	99.9%	(0.1%)
	1024	99.8%	(0.6%)
	2048	99.2%	(0.9%)
	4096	98.3%	(7.8%)
	8192	90.5%	(39.7%)
	16384	50.8%	(50.8%)

119000	avg = 209718	max = 366020
	512	100%	(0.1%)
	1024	99.9%	(1.2%)
	2048	98.7%	(2.2%)
	4096	96.5%	(7.5%)
	8192	89%	(41.5%)
	16384	47.5%	(47.5%)

120000	avg = 210428	max = 384136
	64	100%	(0.1%)
	512	99.9%	(0.1%)
	1024	99.8%	(1.2%)
	2048	98.6%	(1.6%)
	4096	97%	(8%)
	8192	89%	(41.7%)
	16384	47.3%	(47.3%)

121000	avg = 213119	max = 365568
	256	100%	(0.1%)
	512	99.9%	(0.1%)
	1024	99.8%	(0.3%)
	2048	99.5%	(1.3%)
	4096	98.2%	(7.5%)
	8192	90.7%	(42.6%)
	16384	48.1%	(48.1%)

122000	avg = 212190	max = 364960
	512	100%	(0.2%)
	1024	99.8%	(0.8%)
	2048	99%	(1.3%)
	4096	97.7%	(8.5%)
	8192	89.2%	(40.9%)
	16384	48.3%	(48.3%)

123000	avg = 212514	max = 376556
	512	100%	(0.1%)
	1024	99.9%	(0.4%)
	2048	99.5%	(1.5%)
	4096	98%	(7.6%)
	8192	90.4%	(41.6%)
	16384	48.8%	(48.8%)

124000	avg = 212263	max = 364968
	512	100%	(0.1%)
	1024	99.9%	(0.6%)
	2048	99.3%	(1.2%)
	4096	98.1%	(8.8%)
	8192	89.3%	(41.2%)
	16384	48.1%	(48.1%)

125000	avg = 207218	max = 372408
	512	100%	(0.1%)
	1024	99.9%	(0.4%)
	2048	99.5%	(1.5%)
	4096	98%	(10.4%)
	8192	87.6%	(42.4%)
	16384	45.2%	(45.2%)

126000	avg = 210296	max = 364976
	128	100%	(0.1%)
	512	99.9%	(0.2%)
	1024	99.7%	(0.8%)
	2048	98.9%	(1.6%)
	4096	97.3%	(8.1%)
	8192	89.2%	(41.6%)
	16384	47.6%	(47.6%)

127000	avg = 212746	max = 368548
	256	100%	(0.1%)
	512	99.9%	(0.1%)
	1024	99.8%	(0.9%)
	2048	98.9%	(1.6%)
	4096	97.3%	(7.8%)
	8192	89.5%	(41.1%)
	16384	48.4%	(48.4%)

128000	avg = 206720	max = 367136
	512	100%	(0.6%)
	1024	99.4%	(1.2%)
	2048	98.2%	(1%)
	4096	97.2%	(8.4%)
	8192	88.8%	(43.4%)
	16384	45.4%	(45.4%)

129000	avg = 212909	max = 366284
	512	100%	(0.1%)
	1024	99.9%	(1%)
	2048	98.9%	(1.6%)
	4096	97.3%	(7.7%)
	8192	89.6%	(40.2%)
	16384	49.4%	(49.4%)

130000	avg = 212388	max = 382472
	64	100%	(0.1%)
	256	99.9%	(0.3%)
	512	99.6%	(0.3%)
	1024	99.3%	(0.8%)
	2048	98.5%	(1%)
	4096	97.5%	(8%)
	8192	89.5%	(42.1%)
	16384	47.4%	(47.4%)

131000	avg = 209956	max = 365212
	512	100%	(0.4%)
	1024	99.6%	(0.3%)
	2048	99.3%	(2%)
	4096	97.3%	(9%)
	8192	88.3%	(40.2%)
	16384	48.1%	(48.1%)

132000	avg = 209721	max = 369056
	512	100%	(0.5%)
	1024	99.5%	(0.6%)
	2048	98.9%	(1.5%)
	4096	97.4%	(8%)
	8192	89.4%	(42.2%)
	16384	47.2%	(47.2%)

133000	avg = 212501	max = 383136
	512	100%	(0.4%)
	1024	99.6%	(1.3%)
	2048	98.3%	(0.9%)
	4096	97.4%	(7.7%)
	8192	89.7%	(41.6%)
	16384	48.1%	(48.1%)

134000	avg = 210918	max = 367156
	64	100%	(0.1%)
	512	99.9%	(0.1%)
	1024	99.8%	(0.6%)
	2048	99.2%	(1.5%)
	4096	97.7%	(10.9%)
	8192	86.8%	(37.9%)
	16384	48.9%	(48.9%)

135000	avg = 211074	max = 366432
	512	100%	(0.2%)
	1024	99.8%	(1.4%)
	2048	98.4%	(1.7%)
	4096	96.7%	(7.8%)
	8192	88.9%	(41%)
	16384	47.9%	(47.9%)

136000	avg = 208871	max = 362104
	256	100%	(0.1%)
	512	99.9%	(0.2%)
	1024	99.7%	(0.5%)
	2048	99.2%	(1.8%)
	4096	97.4%	(7.8%)
	8192	89.6%	(42.4%)
	16384	47.2%	(47.2%)

137000	avg = 207787	max = 366136
	256	100%	(0.2%)
	512	99.8%	(0.1%)
	1024	99.7%	(0.7%)
	2048	99%	(1.1%)
	4096	97.9%	(9.3%)
	8192	88.6%	(42.4%)
	16384	46.2%	(46.2%)

138000	avg = 210210	max = 367100
	512	100%	(0.2%)
	1024	99.8%	(1.1%)
	2048	98.7%	(0.6%)
	4096	98.1%	(9.4%)
	8192	88.7%	(41.5%)
	16384	47.2%	(47.2%)

139000	avg = 213896	max = 383128
	512	100%	(0.3%)
	1024	99.7%	(0.8%)
	2048	98.9%	(1.4%)
	4096	97.5%	(7.8%)
	8192	89.7%	(40.8%)
	16384	48.9%	(48.9%)

140000	avg = 208570	max = 366356
	512	100%	(0.2%)
	1024	99.8%	(0.5%)
	2048	99.3%	(1.8%)
	4096	97.5%	(8.7%)
	8192	88.8%	(43.2%)
	16384	45.6%	(45.6%)

141000	avg = 211368	max = 365064
	512	100%	(0.4%)
	1024	99.6%	(0.5%)
	2048	99.1%	(1.6%)
	4096	97.5%	(8.1%)
	8192	89.4%	(41.6%)
	16384	47.8%	(47.8%)

142000	avg = 211547	max = 366792
	512	100%	(0.3%)
	1024	99.7%	(0.5%)
	2048	99.2%	(1.6%)
	4096	97.6%	(8.1%)
	8192	89.5%	(42%)
	16384	47.5%	(47.5%)

143000	avg = 214595	max = 367320
	512	100%	(0.4%)
	1024	99.6%	(0.3%)
	2048	99.3%	(1.4%)
	4096	97.9%	(7.2%)
	8192	90.7%	(42.1%)
	16384	48.6%	(48.6%)

144000	avg = 208819	max = 365416
	256	100%	(0.2%)
	512	99.8%	(0.3%)
	1024	99.5%	(0.9%)
	2048	98.6%	(1.2%)
	4096	97.4%	(7.9%)
	8192	89.5%	(44.4%)
	16384	45.1%	(45.1%)

145000	avg = 210537	max = 373284
	64	100%	(0.1%)
	512	99.9%	(0.3%)
	1024	99.6%	(1%)
	2048	98.6%	(2%)
	4096	96.6%	(8%)
	8192	88.6%	(41.2%)
	16384	47.4%	(47.4%)

146000	avg = 213562	max = 363712
	512	100%	(0.1%)
	1024	99.9%	(0.9%)
	2048	99%	(1.4%)
	4096	97.6%	(8.1%)
	8192	89.5%	(40.2%)
	16384	49.3%	(49.3%)

147000	avg = 209030	max = 381316
	256	100%	(0.1%)
	1024	99.9%	(1%)
	2048	98.9%	(1.2%)
	4096	97.7%	(8.7%)
	8192	89%	(41.4%)
	16384	47.6%	(47.6%)

Cutting alpha from 0.001 to 0.0005
148000	avg = 212605	max = 366336
	512	100%	(0.1%)
	1024	99.9%	(0.6%)
	2048	99.3%	(1.3%)
	4096	98%	(8.7%)
	8192	89.3%	(41.7%)
	16384	47.6%	(47.6%)

149000	avg = 211908	max = 365836
	64	100%	(0.1%)
	1024	99.9%	(1%)
	2048	98.9%	(1%)
	4096	97.9%	(8.8%)
	8192	89.1%	(40.6%)
	16384	48.5%	(48.5%)

150000	avg = 211271	max = 363368
	512	100%	(0.1%)
	1024	99.9%	(0.4%)
	2048	99.5%	(1%)
	4096	98.5%	(8.4%)
	8192	90.1%	(43.3%)
	16384	46.8%	(46.8%)

151000	avg = 212037	max = 374284
	512	100%	(0.1%)
	1024	99.9%	(1%)
	2048	98.9%	(1.4%)
	4096	97.5%	(7.9%)
	8192	89.6%	(41.4%)
	16384	48.2%	(48.2%)

152000	avg = 209915	max = 365444
	512	100%	(0.1%)
	1024	99.9%	(0.2%)
	2048	99.7%	(1.5%)
	4096	98.2%	(9.1%)
	8192	89.1%	(42.6%)
	16384	46.5%	(46.5%)

153000	avg = 214927	max = 365688
	512	100%	(0.2%)
	1024	99.8%	(0.9%)
	2048	98.9%	(1.1%)
	4096	97.8%	(8.7%)
	8192	89.1%	(39.3%)
	16384	49.8%	(49.8%)

154000	avg = 209233	max = 377504
	512	100%	(0.1%)
	1024	99.9%	(0.9%)
	2048	99%	(2.2%)
	4096	96.8%	(8.5%)
	8192	88.3%	(41.6%)
	16384	46.7%	(46.7%)

155000	avg = 213017	max = 373672
	1024	100%	(1.3%)
	2048	98.7%	(1.9%)
	4096	96.8%	(8%)
	8192	88.8%	(39.7%)
	16384	49.1%	(49.1%)

156000	avg = 212644	max = 376328
	512	100%	(0.1%)
	1024	99.9%	(1%)
	2048	98.9%	(1.2%)
	4096	97.7%	(7.3%)
	8192	90.4%	(41.9%)
	16384	48.5%	(48.5%)

157000	avg = 211263	max = 379252
	512	100%	(0.2%)
	1024	99.8%	(0.5%)
	2048	99.3%	(1.8%)
	4096	97.5%	(7.7%)
	8192	89.8%	(42.6%)
	16384	47.2%	(47.2%)

158000	avg = 207626	max = 365360
	32	100%	(0.1%)
	256	99.9%	(0.2%)
	512	99.7%	(0.1%)
	1024	99.6%	(1.1%)
	2048	98.5%	(1.6%)
	4096	96.9%	(9.1%)
	8192	87.8%	(41%)
	16384	46.8%	(46.8%)

159000	avg = 214140	max = 365484
	512	100%	(0.3%)
	1024	99.7%	(0.5%)
	2048	99.2%	(1.6%)
	4096	97.6%	(7.4%)
	8192	90.2%	(41.1%)
	16384	49.1%	(49.1%)

160000	avg = 215593	max = 365700
	256	100%	(0.1%)
	512	99.9%	(0.4%)
	1024	99.5%	(0.8%)
	2048	98.7%	(1.3%)
	4096	97.4%	(8.1%)
	8192	89.3%	(38.5%)
	16384	50.8%	(50.8%)

161000	avg = 212259	max = 365264
	512	100%	(0.1%)
	1024	99.9%	(0.7%)
	2048	99.2%	(1.2%)
	4096	98%	(7.8%)
	8192	90.2%	(41.7%)
	16384	48.5%	(48.5%)

162000	avg = 213914	max = 375584
	64	100%	(0.1%)
	1024	99.9%	(0.4%)
	2048	99.5%	(1.6%)
	4096	97.9%	(7.3%)
	8192	90.6%	(42.3%)
	16384	48.3%	(48.3%)

163000	avg = 210174	max = 363260
	256	100%	(0.3%)
	512	99.7%	(0.1%)
	1024	99.6%	(0.5%)
	2048	99.1%	(1.9%)
	4096	97.2%	(9%)
	8192	88.2%	(41.1%)
	16384	47.1%	(47.1%)

164000	avg = 213208	max = 367020
	256	100%	(0.2%)
	512	99.8%	(0.3%)
	1024	99.5%	(0.3%)
	2048	99.2%	(1.7%)
	4096	97.5%	(9%)
	8192	88.5%	(39.1%)
	16384	49.4%	(49.4%)

165000	avg = 216885	max = 372416
	64	100%	(0.1%)
	256	99.9%	(0.1%)
	512	99.8%	(0.2%)
	1024	99.6%	(1%)
	2048	98.6%	(1.1%)
	4096	97.5%	(7%)
	8192	90.5%	(38.9%)
	16384	51.6%	(51.6%)

166000	avg = 209854	max = 366952
	64	100%	(0.1%)
	256	99.9%	(0.1%)
	512	99.8%	(0.2%)
	1024	99.6%	(0.6%)
	2048	99%	(1.2%)
	4096	97.8%	(7.7%)
	8192	90.1%	(44%)
	16384	46.1%	(46.1%)

167000	avg = 212528	max = 365160
	64	100%	(0.1%)
	512	99.9%	(0.1%)
	1024	99.8%	(1.2%)
	2048	98.6%	(1.4%)
	4096	97.2%	(8.4%)
	8192	88.8%	(39.9%)
	16384	48.9%	(48.9%)

168000	avg = 213952	max = 374076
	512	100%	(0.3%)
	1024	99.7%	(0.6%)
	2048	99.1%	(2.1%)
	4096	97%	(8.1%)
	8192	88.9%	(38.9%)
	16384	50%	(50%)

169000	avg = 215592	max = 377912
	512	100%	(0.1%)
	1024	99.9%	(0.7%)
	2048	99.2%	(1.4%)
	4096	97.8%	(6.9%)
	8192	90.9%	(41.6%)
	16384	49.3%	(49.3%)

170000	avg = 215642	max = 366284
	128	100%	(0.1%)
	256	99.9%	(0.1%)
	512	99.8%	(0.2%)
	1024	99.6%	(0.5%)
	2048	99.1%	(0.6%)
	4096	98.5%	(6.8%)
	8192	91.7%	(42.3%)
	16384	49.4%	(49.4%)

171000	avg = 214408	max = 367180
	256	100%	(0.1%)
	512	99.9%	(0.1%)
	1024	99.8%	(1%)
	2048	98.8%	(0.9%)
	4096	97.9%	(8.2%)
	8192	89.7%	(40.9%)
	16384	48.8%	(48.8%)

172000	avg = 211228	max = 366400
	512	100%	(0.2%)
	1024	99.8%	(1.5%)
	2048	98.3%	(1.8%)
	4096	96.5%	(7.6%)
	8192	88.9%	(40.6%)
	16384	48.3%	(48.3%)

173000	avg = 209111	max = 372732
	512	100%	(0.4%)
	1024	99.6%	(1%)
	2048	98.6%	(2.3%)
	4096	96.3%	(8.6%)
	8192	87.7%	(40.4%)
	16384	47.3%	(47.3%)

174000	avg = 211980	max = 364260
	256	100%	(0.1%)
	512	99.9%	(0.2%)
	1024	99.7%	(0.8%)
	2048	98.9%	(2%)
	4096	96.9%	(7.7%)
	8192	89.2%	(40.9%)
	16384	48.3%	(48.3%)

175000	avg = 212951	max = 365856
	512	100%	(0.4%)
	1024	99.6%	(0.7%)
	2048	98.9%	(1.3%)
	4096	97.6%	(8.3%)
	8192	89.3%	(40.7%)
	16384	48.6%	(48.6%)

176000	avg = 215734	max = 377440
	1024	100%	(0.5%)
	2048	99.5%	(1.2%)
	4096	98.3%	(8.2%)
	8192	90.1%	(41.4%)
	16384	48.7%	(48.7%)

177000	avg = 212570	max = 374408
	128	100%	(0.1%)
	512	99.9%	(0.2%)
	1024	99.7%	(0.9%)
	2048	98.8%	(1.9%)
	4096	96.9%	(7.4%)
	8192	89.5%	(40.8%)
	16384	48.7%	(48.7%)

178000	avg = 211761	max = 373584
	256	100%	(0.1%)
	512	99.9%	(0.1%)
	1024	99.8%	(0.9%)
	2048	98.9%	(1.8%)
	4096	97.1%	(7.7%)
	8192	89.4%	(41.4%)
	16384	48%	(48%)

179000	avg = 213511	max = 373508
	512	100%	(0.4%)
	1024	99.6%	(0.5%)
	2048	99.1%	(1.4%)
	4096	97.7%	(8.6%)
	8192	89.1%	(39.7%)
	16384	49.4%	(49.4%)

180000	avg = 207912	max = 366384
	256	100%	(0.1%)
	1024	99.9%	(1%)
	2048	98.9%	(1.4%)
	4096	97.5%	(9.2%)
	8192	88.3%	(42.6%)
	16384	45.7%	(45.7%)

181000	avg = 213496	max = 374576
	512	100%	(0.1%)
	1024	99.9%	(0.4%)
	2048	99.5%	(1.8%)
	4096	97.7%	(9%)
	8192	88.7%	(39.8%)
	16384	48.9%	(48.9%)

182000	avg = 214840	max = 376148
	256	100%	(0.1%)
	512	99.9%	(0.2%)
	1024	99.7%	(0.8%)
	2048	98.9%	(1.6%)
	4096	97.3%	(8.1%)
	8192	89.2%	(40.3%)
	16384	48.9%	(48.9%)

183000	avg = 210694	max = 366284
	512	100%	(0.5%)
	1024	99.5%	(0.8%)
	2048	98.7%	(0.9%)
	4096	97.8%	(8%)
	8192	89.8%	(43.2%)
	16384	46.6%	(46.6%)

184000	avg = 213548	max = 366820
	512	100%	(0.2%)
	1024	99.8%	(0.5%)
	2048	99.3%	(1.1%)
	4096	98.2%	(8.1%)
	8192	90.1%	(41.6%)
	16384	48.5%	(48.5%)

185000	avg = 210595	max = 366116
	512	100%	(0.2%)
	1024	99.8%	(0.7%)
	2048	99.1%	(2.1%)
	4096	97%	(7.8%)
	8192	89.2%	(41.6%)
	16384	47.6%	(47.6%)

186000	avg = 211732	max = 372128
	512	100%	(0.2%)
	1024	99.8%	(0.6%)
	2048	99.2%	(1.5%)
	4096	97.7%	(8.5%)
	8192	89.2%	(40.9%)
	16384	48.3%	(48.3%)

187000	avg = 210726	max = 380912
	32	100%	(0.1%)
	64	99.9%	(0.1%)
	512	99.8%	(0.2%)
	1024	99.6%	(0.5%)
	2048	99.1%	(1.4%)
	4096	97.7%	(8.2%)
	8192	89.5%	(43.6%)
	16384	45.9%	(45.9%)

188000	avg = 212952	max = 364824
	512	100%	(0.1%)
	1024	99.9%	(0.7%)
	2048	99.2%	(1.2%)
	4096	98%	(8.1%)
	8192	89.9%	(41.8%)
	16384	48.1%	(48.1%)

189000	avg = 216639	max = 366228
	512	100%	(0.1%)
	1024	99.9%	(0.5%)
	2048	99.4%	(1.6%)
	4096	97.8%	(8.5%)
	8192	89.3%	(38%)
	16384	51.3%	(51.3%)

190000	avg = 218924	max = 374048
	1024	100%	(0.3%)
	2048	99.7%	(0.1%)
	4096	99.6%	(6.5%)
	8192	93.1%	(42.4%)
	16384	50.7%	(50.7%)

191000	avg = 207586	max = 374196
	256	100%	(0.1%)
	512	99.9%	(0.1%)
	1024	99.8%	(1%)
	2048	98.8%	(1.5%)
	4096	97.3%	(8.3%)
	8192	89%	(44.4%)
	16384	44.6%	(44.6%)

192000	avg = 217483	max = 377928
	512	100%	(0.3%)
	1024	99.7%	(1.1%)
	2048	98.6%	(1.1%)
	4096	97.5%	(6.2%)
	8192	91.3%	(40.7%)
	16384	50.6%	(50.6%)

193000	avg = 211944	max = 382784
	512	100%	(0.2%)
	1024	99.8%	(0.6%)
	2048	99.2%	(1.9%)
	4096	97.3%	(9.7%)
	8192	87.6%	(38.9%)
	16384	48.7%	(48.7%)

194000	avg = 208972	max = 381244
	256	100%	(0.2%)
	512	99.8%	(0.6%)
	1024	99.2%	(0.8%)
	2048	98.4%	(1%)
	4096	97.4%	(9.2%)
	8192	88.2%	(41.4%)
	16384	46.8%	(46.8%)

195000	avg = 214671	max = 365016
	512	100%	(0.4%)
	1024	99.6%	(1%)
	2048	98.6%	(1.8%)
	4096	96.8%	(6.3%)
	8192	90.5%	(42.2%)
	16384	48.3%	(48.3%)

196000	avg = 218115	max = 378512
	32	100%	(0.1%)
	512	99.9%	(0.1%)
	1024	99.8%	(0.5%)
	2048	99.3%	(1.5%)
	4096	97.8%	(8.3%)
	8192	89.5%	(37%)
	16384	52.5%	(52.5%)

197000	avg = 209206	max = 371644
	256	100%	(0.2%)
	512	99.8%	(0.2%)
	1024	99.6%	(0.5%)
	2048	99.1%	(1.6%)
	4096	97.5%	(9.4%)
	8192	88.1%	(41.9%)
	16384	46.2%	(46.2%)

198000	avg = 213224	max = 371736
	128	100%	(0.1%)
	512	99.9%	(0.4%)
	1024	99.5%	(0.6%)
	2048	98.9%	(1.6%)
	4096	97.3%	(8.2%)
	8192	89.1%	(40.4%)
	16384	48.7%	(48.7%)

199000	avg = 207677	max = 366148
	512	100%	(0.2%)
	1024	99.8%	(1%)
	2048	98.8%	(2%)
	4096	96.8%	(8.6%)
	8192	88.2%	(42.8%)
	16384	45.4%	(45.4%)

200000	avg = 210079	max = 372496
	256	100%	(0.1%)
	512	99.9%	(0.2%)
	1024	99.7%	(0.3%)
	2048	99.4%	(1.6%)
	4096	97.8%	(8.2%)
	8192	89.6%	(42.9%)
	16384	46.7%	(46.7%)

201000	avg = 211846	max = 365440
	512	100%	(0.2%)
	1024	99.8%	(0.9%)
	2048	98.9%	(1.7%)
	4096	97.2%	(8.8%)
	8192	88.4%	(40.2%)
	16384	48.2%	(48.2%)

202000	avg = 209968	max = 372096
	512	100%	(0.3%)
	1024	99.7%	(0.6%)
	2048	99.1%	(2%)
	4096	97.1%	(9.1%)
	8192	88%	(40.3%)
	16384	47.7%	(47.7%)

203000	avg = 211030	max = 382140
	1024	100%	(0.3%)
	2048	99.7%	(2%)
	4096	97.7%	(8.6%)
	8192	89.1%	(42.5%)
	16384	46.6%	(46.6%)

204000	avg = 213832	max = 386588
	256	100%	(0.1%)
	512	99.9%	(0.1%)
	1024	99.8%	(0.5%)
	2048	99.3%	(1.4%)
	4096	97.9%	(7.4%)
	8192	90.5%	(42.6%)
	16384	47.9%	(47.9%)

205000	avg = 210000	max = 368040
	64	100%	(0.1%)
	256	99.9%	(0.1%)
	512	99.8%	(0.4%)
	1024	99.4%	(1.4%)
	2048	98%	(1.3%)
	4096	96.7%	(8.2%)
	8192	88.5%	(40.5%)
	16384	48%	(48%)

206000	avg = 214042	max = 366592
	512	100%	(0.3%)
	1024	99.7%	(0.7%)
	2048	99%	(2.1%)
	4096	96.9%	(8.3%)
	8192	88.6%	(38.9%)
	16384	49.7%	(49.7%)

207000	avg = 210215	max = 367340
	64	100%	(0.1%)
	512	99.9%	(0.1%)
	1024	99.8%	(1%)
	2048	98.8%	(1%)
	4096	97.8%	(9.2%)
	8192	88.6%	(41.1%)
	16384	47.5%	(47.5%)

208000	avg = 209986	max = 366620
	512	100%	(0.2%)
	1024	99.8%	(0.6%)
	2048	99.2%	(1.5%)
	4096	97.7%	(9.3%)
	8192	88.4%	(41.3%)
	16384	47.1%	(47.1%)

209000	avg = 213637	max = 386340
	512	100%	(0.1%)
	1024	99.9%	(1%)
	2048	98.9%	(1%)
	4096	97.9%	(7.8%)
	8192	90.1%	(41.9%)
	16384	48.2%	(48.2%)

210000	avg = 212461	max = 365740
	1024	100%	(1%)
	2048	99%	(1.7%)
	4096	97.3%	(7.5%)
	8192	89.8%	(41%)
	16384	48.8%	(48.8%)

211000	avg = 214555	max = 374584
	512	100%	(0.2%)
	1024	99.8%	(0.8%)
	2048	99%	(1.8%)
	4096	97.2%	(7.7%)
	8192	89.5%	(40.2%)
	16384	49.3%	(49.3%)

212000	avg = 207426	max = 376412
	64	100%	(0.1%)
	512	99.9%	(0.3%)
	1024	99.6%	(1.2%)
	2048	98.4%	(2.1%)
	4096	96.3%	(8%)
	8192	88.3%	(42.8%)
	16384	45.5%	(45.5%)

Cutting alpha from 0.0005 to 0.00025
213000	avg = 214903	max = 384996
	512	100%	(0.2%)
	1024	99.8%	(1.3%)
	2048	98.5%	(1.4%)
	4096	97.1%	(7.1%)
	8192	90%	(40.7%)
	16384	49.3%	(49.3%)

214000	avg = 210875	max = 366620
	512	100%	(0.2%)
	1024	99.8%	(0.6%)
	2048	99.2%	(1.6%)
	4096	97.6%	(9%)
	8192	88.6%	(40.4%)
	16384	48.2%	(48.2%)

215000	avg = 211053	max = 381612
	512	100%	(0.3%)
	1024	99.7%	(0.9%)
	2048	98.8%	(1.7%)
	4096	97.1%	(8.1%)
	8192	89%	(41%)
	16384	48%	(48%)

216000	avg = 217395	max = 373608
	512	100%	(0.1%)
	1024	99.9%	(0.3%)
	2048	99.6%	(1.1%)
	4096	98.5%	(8.6%)
	8192	89.9%	(39.8%)
	16384	50.1%	(50.1%)

217000	avg = 213258	max = 366632
	32	100%	(0.1%)
	512	99.9%	(0.1%)
	1024	99.8%	(0.7%)
	2048	99.1%	(1.4%)
	4096	97.7%	(8.7%)
	8192	89%	(39.5%)
	16384	49.5%	(49.5%)

218000	avg = 209733	max = 368904
	512	100%	(0.2%)
	1024	99.8%	(0.9%)
	2048	98.9%	(3%)
	4096	95.9%	(7.1%)
	8192	88.8%	(41.3%)
	16384	47.5%	(47.5%)

219000	avg = 212535	max = 366896
	512	100%	(0.4%)
	1024	99.6%	(0.7%)
	2048	98.9%	(1.2%)
	4096	97.7%	(7.9%)
	8192	89.8%	(41.9%)
	16384	47.9%	(47.9%)

220000	avg = 212201	max = 382500
	512	100%	(0.4%)
	1024	99.6%	(1.1%)
	2048	98.5%	(1.2%)
	4096	97.3%	(7.6%)
	8192	89.7%	(42.3%)
	16384	47.4%	(47.4%)

221000	avg = 215915	max = 367588
	256	100%	(0.1%)
	1024	99.9%	(0.4%)
	2048	99.5%	(0.9%)
	4096	98.6%	(8.1%)
	8192	90.5%	(41.5%)
	16384	49%	(49%)

222000	avg = 214378	max = 386376
	64	100%	(0.1%)
	512	99.9%	(0.6%)
	1024	99.3%	(0.7%)
	2048	98.6%	(1.6%)
	4096	97%	(8%)
	8192	89%	(38.5%)
	16384	50.5%	(50.5%)

223000	avg = 209775	max = 365140
	512	100%	(0.4%)
	1024	99.6%	(1.2%)
	2048	98.4%	(1%)
	4096	97.4%	(8.1%)
	8192	89.3%	(43.3%)
	16384	46%	(46%)

224000	avg = 207933	max = 381196
	1024	100%	(0.6%)
	2048	99.4%	(1.9%)
	4096	97.5%	(7.9%)
	8192	89.6%	(45.2%)
	16384	44.4%	(44.4%)

225000	avg = 205060	max = 365432
	64	100%	(0.1%)
	256	99.9%	(0.1%)
	512	99.8%	(0.1%)
	1024	99.7%	(0.9%)
	2048	98.8%	(1.5%)
	4096	97.3%	(9.9%)
	8192	87.4%	(43%)
	16384	44.4%	(44.4%)

226000	avg = 211219	max = 368764
	64	100%	(0.1%)
	128	99.9%	(0.1%)
	512	99.8%	(0.2%)
	1024	99.6%	(1.2%)
	2048	98.4%	(1.3%)
	4096	97.1%	(8.4%)
	8192	88.7%	(41.3%)
	16384	47.4%	(47.4%)

227000	avg = 211646	max = 366852
	64	100%	(0.1%)
	512	99.9%	(0.3%)
	1024	99.6%	(0.7%)
	2048	98.9%	(1.5%)
	4096	97.4%	(8.3%)
	8192	89.1%	(40.4%)
	16384	48.7%	(48.7%)

228000	avg = 214187	max = 366152
	512	100%	(0.4%)
	1024	99.6%	(0.6%)
	2048	99%	(1.6%)
	4096	97.4%	(7%)
	8192	90.4%	(41.1%)
	16384	49.3%	(49.3%)

229000	avg = 211171	max = 365088
	256	100%	(0.1%)
	1024	99.9%	(0.9%)
	2048	99%	(1.1%)
	4096	97.9%	(8.2%)
	8192	89.7%	(42.9%)
	16384	46.8%	(46.8%)

230000	avg = 208689	max = 366976
	512	100%	(0.4%)
	1024	99.6%	(0.9%)
	2048	98.7%	(0.9%)
	4096	97.8%	(8.9%)
	8192	88.9%	(43.7%)
	16384	45.2%	(45.2%)

231000	avg = 215618	max = 374068
	512	100%	(0.2%)
	1024	99.8%	(0.8%)
	2048	99%	(1%)
	4096	98%	(7%)
	8192	91%	(41.1%)
	16384	49.9%	(49.9%)

232000	avg = 215366	max = 372428
	256	100%	(0.1%)
	1024	99.9%	(0.6%)
	2048	99.3%	(0.9%)
	4096	98.4%	(8.7%)
	8192	89.7%	(39.9%)
	16384	49.8%	(49.8%)

233000	avg = 211769	max = 381948
	256	100%	(0.1%)
	512	99.9%	(0.2%)
	1024	99.7%	(0.7%)
	2048	99%	(1.5%)
	4096	97.5%	(8.3%)
	8192	89.2%	(41.8%)
	16384	47.4%	(47.4%)

234000	avg = 211655	max = 366532
	512	100%	(0.2%)
	1024	99.8%	(1.5%)
	2048	98.3%	(1.2%)
	4096	97.1%	(7.2%)
	8192	89.9%	(42.7%)
	16384	47.2%	(47.2%)

235000	avg = 213726	max = 366640
	256	100%	(0.1%)
	512	99.9%	(0.2%)
	1024	99.7%	(0.5%)
	2048	99.2%	(1.6%)
	4096	97.6%	(8.4%)
	8192	89.2%	(40.3%)
	16384	48.9%	(48.9%)

236000	avg = 216052	max = 365696
	64	100%	(0.1%)
	128	99.9%	(0.1%)
	1024	99.8%	(0.8%)
	2048	99%	(1.1%)
	4096	97.9%	(8.1%)
	8192	89.8%	(40.4%)
	16384	49.4%	(49.4%)

237000	avg = 213067	max = 373592
	512	100%	(0.5%)
	1024	99.5%	(0.8%)
	2048	98.7%	(1.2%)
	4096	97.5%	(8%)
	8192	89.5%	(41%)
	16384	48.5%	(48.5%)

238000	avg = 212184	max = 367788
	512	100%	(0.2%)
	1024	99.8%	(0.5%)
	2048	99.3%	(2%)
	4096	97.3%	(8.9%)
	8192	88.4%	(39.6%)
	16384	48.8%	(48.8%)

239000	avg = 210830	max = 374944
	32	100%	(0.1%)
	512	99.9%	(0.2%)
	1024	99.7%	(0.9%)
	2048	98.8%	(1.4%)
	4096	97.4%	(8%)
	8192	89.4%	(42.6%)
	16384	46.8%	(46.8%)

240000	avg = 213388	max = 374260
	256	100%	(0.1%)
	512	99.9%	(0.2%)
	1024	99.7%	(0.7%)
	2048	99%	(1.4%)
	4096	97.6%	(8.7%)
	8192	88.9%	(39.2%)
	16384	49.7%	(49.7%)

241000	avg = 216753	max = 369964
	512	100%	(0.2%)
	1024	99.8%	(0.8%)
	2048	99%	(1.1%)
	4096	97.9%	(7%)
	8192	90.9%	(38.8%)
	16384	52.1%	(52.1%)

242000	avg = 212006	max = 366468
	512	100%	(0.1%)
	1024	99.9%	(0.8%)
	2048	99.1%	(1.7%)
	4096	97.4%	(7.1%)
	8192	90.3%	(43.3%)
	16384	47%	(47%)

243000	avg = 216180	max = 383284
	1024	100%	(0.7%)
	2048	99.3%	(1.3%)
	4096	98%	(8.9%)
	8192	89.1%	(39%)
	16384	50.1%	(50.1%)

244000	avg = 213377	max = 366312
	512	100%	(0.2%)
	1024	99.8%	(0.6%)
	2048	99.2%	(2.1%)
	4096	97.1%	(8.4%)
	8192	88.7%	(39%)
	16384	49.7%	(49.7%)

245000	avg = 215417	max = 367312
	512	100%	(0.3%)
	1024	99.7%	(0.8%)
	2048	98.9%	(1.8%)
	4096	97.1%	(7.3%)
	8192	89.8%	(39.3%)
	16384	50.5%	(50.5%)

246000	avg = 207298	max = 364916
	512	100%	(0.3%)
	1024	99.7%	(0.7%)
	2048	99%	(0.6%)
	4096	98.4%	(10.4%)
	8192	88%	(42.9%)
	16384	45.1%	(45.1%)

247000	avg = 217408	max = 366464
	64	100%	(0.1%)
	128	99.9%	(0.1%)
	512	99.8%	(0.2%)
	1024	99.6%	(1.4%)
	2048	98.2%	(1.9%)
	4096	96.3%	(6.1%)
	8192	90.2%	(38.8%)
	16384	51.4%	(51.4%)

248000	avg = 210971	max = 382696
	512	100%	(0.1%)
	1024	99.9%	(0.6%)
	2048	99.3%	(2%)
	4096	97.3%	(9%)
	8192	88.3%	(40.5%)
	16384	47.8%	(47.8%)

249000	avg = 214295	max = 365296
	512	100%	(0.3%)
	1024	99.7%	(0.7%)
	2048	99%	(1.1%)
	4096	97.9%	(8%)
	8192	89.9%	(40.4%)
	16384	49.5%	(49.5%)

250000	avg = 215269	max = 375164
	256	100%	(0.1%)
	512	99.9%	(0.3%)
	1024	99.6%	(0.5%)
	2048	99.1%	(1.9%)
	4096	97.2%	(7.4%)
	8192	89.8%	(38.3%)
	16384	51.5%	(51.5%)

251000	avg = 216359	max = 381336
	256	100%	(0.1%)
	512	99.9%	(0.1%)
	1024	99.8%	(0.6%)
	2048	99.2%	(1.5%)
	4096	97.7%	(7.1%)
	8192	90.6%	(40.6%)
	16384	50%	(50%)

252000	avg = 211905	max = 367080
	256	100%	(0.1%)
	512	99.9%	(0.1%)
	1024	99.8%	(0.7%)
	2048	99.1%	(1.8%)
	4096	97.3%	(8.8%)
	8192	88.5%	(39.3%)
	16384	49.2%	(49.2%)

253000	avg = 214485	max = 366004
	256	100%	(0.1%)
	512	99.9%	(0.3%)
	1024	99.6%	(0.3%)
	2048	99.3%	(2.3%)
	4096	97%	(7.4%)
	8192	89.6%	(40.8%)
	16384	48.8%	(48.8%)

254000	avg = 209099	max = 373088
	512	100%	(0.4%)
	1024	99.6%	(0.7%)
	2048	98.9%	(1.3%)
	4096	97.6%	(8.8%)
	8192	88.8%	(42.4%)
	16384	46.4%	(46.4%)

255000	avg = 212928	max = 365224
	512	100%	(0.3%)
	1024	99.7%	(1%)
	2048	98.7%	(1.6%)
	4096	97.1%	(8.1%)
	8192	89%	(39.5%)
	16384	49.5%	(49.5%)

256000	avg = 213157	max = 376608
	512	100%	(0.2%)
	1024	99.8%	(0.5%)
	2048	99.3%	(2.6%)
	4096	96.7%	(8.1%)
	8192	88.6%	(40.2%)
	16384	48.4%	(48.4%)

257000	avg = 213895	max = 372920
	256	100%	(0.1%)
	1024	99.9%	(0.8%)
	2048	99.1%	(2.1%)
	4096	97%	(8.3%)
	8192	88.7%	(38.8%)
	16384	49.9%	(49.9%)

258000	avg = 215003	max = 363468
	128	100%	(0.1%)
	512	99.9%	(0.2%)
	1024	99.7%	(0.9%)
	2048	98.8%	(1.1%)
	4096	97.7%	(7.8%)
	8192	89.9%	(39.5%)
	16384	50.4%	(50.4%)

259000	avg = 208383	max = 366352
	256	100%	(0.1%)
	512	99.9%	(0.3%)
	1024	99.6%	(0.7%)
	2048	98.9%	(0.9%)
	4096	98%	(9.7%)
	8192	88.3%	(42.8%)
	16384	45.5%	(45.5%)

260000	avg = 217212	max = 380904
	512	100%	(0.2%)
	1024	99.8%	(1%)
	2048	98.8%	(0.9%)
	4096	97.9%	(7.7%)
	8192	90.2%	(40.3%)
	16384	49.9%	(49.9%)

261000	avg = 210141	max = 368496
	512	100%	(0.1%)
	1024	99.9%	(1.2%)
	2048	98.7%	(1.7%)
	4096	97%	(8.6%)
	8192	88.4%	(41%)
	16384	47.4%	(47.4%)

262000	avg = 213879	max = 366248
	512	100%	(0.2%)
	1024	99.8%	(0.9%)
	2048	98.9%	(1.7%)
	4096	97.2%	(7.6%)
	8192	89.6%	(41.1%)
	16384	48.5%	(48.5%)

263000	avg = 215215	max = 365220
	512	100%	(0.2%)
	1024	99.8%	(0.8%)
	2048	99%	(2.2%)
	4096	96.8%	(7%)
	8192	89.8%	(39.7%)
	16384	50.1%	(50.1%)

264000	avg = 214905	max = 376760
	256	100%	(0.2%)
	512	99.8%	(0.1%)
	1024	99.7%	(0.3%)
	2048	99.4%	(1.5%)
	4096	97.9%	(8.3%)
	8192	89.6%	(40.2%)
	16384	49.4%	(49.4%)

265000	avg = 214514	max = 371848
	1024	100%	(0.4%)
	2048	99.6%	(1.8%)
	4096	97.8%	(8.6%)
	8192	89.2%	(40%)
	16384	49.2%	(49.2%)

266000	avg = 214668	max = 364864
	256	100%	(0.1%)
	512	99.9%	(0.3%)
	1024	99.6%	(0.7%)
	2048	98.9%	(1.4%)
	4096	97.5%	(7.9%)
	8192	89.6%	(40.7%)
	16384	48.9%	(48.9%)

267000	avg = 216203	max = 382016
	512	100%	(0.1%)
	1024	99.9%	(0.7%)
	2048	99.2%	(1.8%)
	4096	97.4%	(7.3%)
	8192	90.1%	(39.7%)
	16384	50.4%	(50.4%)

268000	avg = 212008	max = 367224
	256	100%	(0.1%)
	512	99.9%	(0.6%)
	1024	99.3%	(0.7%)
	2048	98.6%	(1.7%)
	4096	96.9%	(6.6%)
	8192	90.3%	(43.6%)
	16384	46.7%	(46.7%)

269000	avg = 212810	max = 366556
	1024	100%	(0.8%)
	2048	99.2%	(1.6%)
	4096	97.6%	(6.8%)
	8192	90.8%	(42.9%)
	16384	47.9%	(47.9%)

270000	avg = 212728	max = 367156
	256	100%	(0.3%)
	512	99.7%	(0.2%)
	1024	99.5%	(0.7%)
	2048	98.8%	(1.5%)
	4096	97.3%	(7.8%)
	8192	89.5%	(40.9%)
	16384	48.6%	(48.6%)

271000	avg = 212463	max = 366968
	512	100%	(0.3%)
	1024	99.7%	(0.9%)
	2048	98.8%	(1.7%)
	4096	97.1%	(9.1%)
	8192	88%	(37.9%)
	16384	50.1%	(50.1%)

272000	avg = 212406	max = 381744
	512	100%	(0.1%)
	1024	99.9%	(0.5%)
	2048	99.4%	(1.3%)
	4096	98.1%	(8%)
	8192	90.1%	(42.2%)
	16384	47.9%	(47.9%)

273000	avg = 210053	max = 366748
	512	100%	(0.3%)
	1024	99.7%	(0.7%)
	2048	99%	(2%)
	4096	97%	(8.2%)
	8192	88.8%	(42.5%)
	16384	46.3%	(46.3%)

274000	avg = 212565	max = 381396
	512	100%	(0.1%)
	1024	99.9%	(1.3%)
	2048	98.6%	(1.6%)
	4096	97%	(7.6%)
	8192	89.4%	(40.8%)
	16384	48.6%	(48.6%)

275000	avg = 208484	max = 377648
	64	100%	(0.1%)
	512	99.9%	(0.2%)
	1024	99.7%	(1.2%)
	2048	98.5%	(1.4%)
	4096	97.1%	(10.3%)
	8192	86.8%	(40.1%)
	16384	46.7%	(46.7%)

276000	avg = 214388	max = 381168
	256	100%	(0.1%)
	512	99.9%	(0.5%)
	1024	99.4%	(0.5%)
	2048	98.9%	(0.9%)
	4096	98%	(8.8%)
	8192	89.2%	(40.4%)
	16384	48.8%	(48.8%)

277000	avg = 217061	max = 374268
	512	100%	(0.2%)
	1024	99.8%	(0.5%)
	2048	99.3%	(1.3%)
	4096	98%	(8%)
	8192	90%	(39.6%)
	16384	50.4%	(50.4%)

278000	avg = 212975	max = 364608
	32	100%	(0.1%)
	1024	99.9%	(0.9%)
	2048	99%	(1.4%)
	4096	97.6%	(7.5%)
	8192	90.1%	(41.3%)
	16384	48.8%	(48.8%)

Cutting alpha from 0.00025 to 0.000125
279000	avg = 214014	max = 373396
	256	100%	(0.1%)
	512	99.9%	(0.1%)
	1024	99.8%	(0.5%)
	2048	99.3%	(1.1%)
	4096	98.2%	(7.8%)
	8192	90.4%	(42.9%)
	16384	47.5%	(47.5%)

280000	avg = 208981	max = 372888
	32	100%	(0.1%)
	256	99.9%	(0.1%)
	512	99.8%	(0.4%)
	1024	99.4%	(1.1%)
	2048	98.3%	(1.4%)
	4096	96.9%	(7.8%)
	8192	89.1%	(42.7%)
	16384	46.4%	(46.4%)

281000	avg = 213844	max = 376480
	512	100%	(0.3%)
	1024	99.7%	(0.9%)
	2048	98.8%	(2%)
	4096	96.8%	(7.7%)
	8192	89.1%	(39.2%)
	16384	49.9%	(49.9%)

282000	avg = 206789	max = 366928
	512	100%	(0.1%)
	1024	99.9%	(0.8%)
	2048	99.1%	(1.3%)
	4096	97.8%	(8.6%)
	8192	89.2%	(45.4%)
	16384	43.8%	(43.8%)

283000	avg = 211044	max = 380880
	128	100%	(0.1%)
	512	99.9%	(0.2%)
	1024	99.7%	(0.4%)
	2048	99.3%	(1.5%)
	4096	97.8%	(9.1%)
	8192	88.7%	(41.6%)
	16384	47.1%	(47.1%)

284000	avg = 210021	max = 377872
	512	100%	(0.1%)
	1024	99.9%	(1.2%)
	2048	98.7%	(1.2%)
	4096	97.5%	(9.3%)
	8192	88.2%	(42.6%)
	16384	45.6%	(45.6%)

285000	avg = 211553	max = 365424
	256	100%	(0.2%)
	512	99.8%	(0.3%)
	1024	99.5%	(0.7%)
	2048	98.8%	(1.5%)
	4096	97.3%	(7.5%)
	8192	89.8%	(41.4%)
	16384	48.4%	(48.4%)

286000	avg = 208231	max = 372548
	512	100%	(0.3%)
	1024	99.7%	(0.4%)
	2048	99.3%	(1.9%)
	4096	97.4%	(9.3%)
	8192	88.1%	(42.2%)
	16384	45.9%	(45.9%)

287000	avg = 214852	max = 373468
	1024	100%	(0.6%)
	2048	99.4%	(1.7%)
	4096	97.7%	(8.7%)
	8192	89%	(40.1%)
	16384	48.9%	(48.9%)

288000	avg = 210382	max = 382172
	128	100%	(0.1%)
	512	99.9%	(0.3%)
	1024	99.6%	(0.7%)
	2048	98.9%	(2.1%)
	4096	96.8%	(7.9%)
	8192	88.9%	(41.6%)
	16384	47.3%	(47.3%)

289000	avg = 212585	max = 374516
	128	100%	(0.1%)
	512	99.9%	(0.2%)
	1024	99.7%	(0.6%)
	2048	99.1%	(1.2%)
	4096	97.9%	(8.3%)
	8192	89.6%	(41.2%)
	16384	48.4%	(48.4%)

290000	avg = 212339	max = 363156
	256	100%	(0.1%)
	512	99.9%	(0.2%)
	1024	99.7%	(1%)
	2048	98.7%	(2%)
	4096	96.7%	(8.2%)
	8192	88.5%	(40.4%)
	16384	48.1%	(48.1%)

291000	avg = 215833	max = 383448
	256	100%	(0.1%)
	512	99.9%	(0.2%)
	1024	99.7%	(0.7%)
	2048	99%	(1.1%)
	4096	97.9%	(7.6%)
	8192	90.3%	(39.9%)
	16384	50.4%	(50.4%)

292000	avg = 210363	max = 381828
	1024	100%	(0.4%)
	2048	99.6%	(1.5%)
	4096	98.1%	(8.8%)
	8192	89.3%	(43.8%)
	16384	45.5%	(45.5%)

293000	avg = 213754	max = 377652
	512	100%	(0.3%)
	1024	99.7%	(0.8%)
	2048	98.9%	(1.7%)
	4096	97.2%	(8%)
	8192	89.2%	(40.5%)
	16384	48.7%	(48.7%)

294000	avg = 212708	max = 382476
	32	100%	(0.1%)
	512	99.9%	(0.2%)
	1024	99.7%	(0.3%)
	2048	99.4%	(2.2%)
	4096	97.2%	(8.4%)
	8192	88.8%	(40.8%)
	16384	48%	(48%)

Cutting alpha from 0.000125 to 6.25e-05
295000	avg = 212600	max = 367096
	512	100%	(0.2%)
	1024	99.8%	(0.7%)
	2048	99.1%	(1.3%)
	4096	97.8%	(8.8%)
	8192	89%	(40.3%)
	16384	48.7%	(48.7%)

296000	avg = 213100	max = 371808
	512	100%	(0.3%)
	1024	99.7%	(0.8%)
	2048	98.9%	(1.3%)
	4096	97.6%	(7.1%)
	8192	90.5%	(43.3%)
	16384	47.2%	(47.2%)

297000	avg = 216221	max = 362620
	128	100%	(0.1%)
	512	99.9%	(0.1%)
	1024	99.8%	(0.9%)
	2048	98.9%	(1.5%)
	4096	97.4%	(6.5%)
	8192	90.9%	(39.8%)
	16384	51.1%	(51.1%)

298000	avg = 214562	max = 373600
	512	100%	(0.1%)
	1024	99.9%	(0.3%)
	2048	99.6%	(0.6%)
	4096	99%	(7.2%)
	8192	91.8%	(44.1%)
	16384	47.7%	(47.7%)

299000	avg = 217054	max = 385596
	1024	100%	(0.7%)
	2048	99.3%	(0.9%)
	4096	98.4%	(7%)
	8192	91.4%	(42.2%)
	16384	49.2%	(49.2%)

300000	avg = 212214	max = 381332
	512	100%	(0.3%)
	1024	99.7%	(1%)
	2048	98.7%	(1.3%)
	4096	97.4%	(7.9%)
	8192	89.5%	(41.5%)
	16384	48%	(48%)

301000	avg = 213810	max = 366076
	1024	100%	(1.1%)
	2048	98.9%	(1.3%)
	4096	97.6%	(7.6%)
	8192	90%	(41.2%)
	16384	48.8%	(48.8%)

302000	avg = 220320	max = 362384
	512	100%	(0.1%)
	1024	99.9%	(0.3%)
	2048	99.6%	(0.8%)
	4096	98.8%	(6.4%)
	8192	92.4%	(40.4%)
	16384	52%	(52%)

303000	avg = 214388	max = 377048
	512	100%	(0.2%)
	1024	99.8%	(0.2%)
	2048	99.6%	(1.7%)
	4096	97.9%	(7.9%)
	8192	90%	(41.3%)
	16384	48.7%	(48.7%)

304000	avg = 216546	max = 366000
	1024	100%	(0.3%)
	2048	99.7%	(1.2%)
	4096	98.5%	(8.7%)
	8192	89.8%	(39.3%)
	16384	50.5%	(50.5%)

305000	avg = 212727	max = 362392
	512	100%	(0.6%)
	1024	99.4%	(0.2%)
	2048	99.2%	(2.4%)
	4096	96.8%	(7.4%)
	8192	89.4%	(40%)
	16384	49.4%	(49.4%)

306000	avg = 215321	max = 366916
	64	100%	(0.1%)
	512	99.9%	(0.4%)
	1024	99.5%	(0.4%)
	2048	99.1%	(1.5%)
	4096	97.6%	(8.4%)
	8192	89.2%	(39.4%)
	16384	49.8%	(49.8%)

307000	avg = 215255	max = 366184
	512	100%	(0.2%)
	1024	99.8%	(0.5%)
	2048	99.3%	(1.3%)
	4096	98%	(7.3%)
	8192	90.7%	(40.9%)
	16384	49.8%	(49.8%)

308000	avg = 213524	max = 365424
	512	100%	(0.2%)
	1024	99.8%	(1%)
	2048	98.8%	(1.1%)
	4096	97.7%	(9.6%)
	8192	88.1%	(38.7%)
	16384	49.4%	(49.4%)

309000	avg = 213628	max = 367064
	512	100%	(0.3%)
	1024	99.7%	(0.8%)
	2048	98.9%	(2%)
	4096	96.9%	(8.6%)
	8192	88.3%	(39.2%)
	16384	49.1%	(49.1%)

310000	avg = 215149	max = 381720
	512	100%	(0.1%)
	1024	99.9%	(1%)
	2048	98.9%	(1.1%)
	4096	97.8%	(8%)
	8192	89.8%	(39.9%)
	16384	49.9%	(49.9%)

311000	avg = 215247	max = 380744
	512	100%	(0.2%)
	1024	99.8%	(0.6%)
	2048	99.2%	(1.2%)
	4096	98%	(7.9%)
	8192	90.1%	(41.4%)
	16384	48.7%	(48.7%)

312000	avg = 214962	max = 365304
	512	100%	(0.2%)
	1024	99.8%	(0.8%)
	2048	99%	(1.1%)
	4096	97.9%	(6.7%)
	8192	91.2%	(42%)
	16384	49.2%	(49.2%)

313000	avg = 218572	max = 374124
	512	100%	(0.2%)
	1024	99.8%	(0.7%)
	2048	99.1%	(1%)
	4096	98.1%	(6.1%)
	8192	92%	(41.8%)
	16384	50.2%	(50.2%)

314000	avg = 213550	max = 365256
	1024	100%	(0.4%)
	2048	99.6%	(1.6%)
	4096	98%	(7.2%)
	8192	90.8%	(43%)
	16384	47.8%	(47.8%)

315000	avg = 212811	max = 364760
	512	100%	(0.3%)
	1024	99.7%	(0.2%)
	2048	99.5%	(1.8%)
	4096	97.7%	(8.1%)
	8192	89.6%	(40%)
	16384	49.6%	(49.6%)

316000	avg = 213642	max = 367316
	512	100%	(0.3%)
	1024	99.7%	(1.1%)
	2048	98.6%	(1.8%)
	4096	96.8%	(7.8%)
	8192	89%	(40.6%)
	16384	48.4%	(48.4%)

317000	avg = 216517	max = 365576
	1024	100%	(0.6%)
	2048	99.4%	(1.4%)
	4096	98%	(8.4%)
	8192	89.6%	(38.9%)
	16384	50.7%	(50.7%)

318000	avg = 218807	max = 365312
	32	100%	(0.1%)
	64	99.9%	(0.1%)
	512	99.8%	(0.3%)
	1024	99.5%	(0.6%)
	2048	98.9%	(1.1%)
	4096	97.8%	(8.2%)
	8192	89.6%	(36.8%)
	16384	52.8%	(52.8%)

319000	avg = 216462	max = 381364
	1024	100%	(0.7%)
	2048	99.3%	(1.5%)
	4096	97.8%	(7.6%)
	8192	90.2%	(40.5%)
	16384	49.7%	(49.7%)

320000	avg = 215739	max = 381464
	512	100%	(0.1%)
	1024	99.9%	(0.4%)
	2048	99.5%	(1.1%)
	4096	98.4%	(8.1%)
	8192	90.3%	(40.5%)
	16384	49.8%	(49.8%)

321000	avg = 215130	max = 367196
	512	100%	(0.2%)
	1024	99.8%	(0.5%)
	2048	99.3%	(2.1%)
	4096	97.2%	(6.3%)
	8192	90.9%	(41.4%)
	16384	49.5%	(49.5%)

322000	avg = 217083	max = 367128
	128	100%	(0.1%)
	1024	99.9%	(0.5%)
	2048	99.4%	(1.4%)
	4096	98%	(7.2%)
	8192	90.8%	(41.8%)
	16384	49%	(49%)

323000	avg = 217546	max = 367120
	256	100%	(0.1%)
	512	99.9%	(0.2%)
	1024	99.7%	(0.4%)
	2048	99.3%	(1.8%)
	4096	97.5%	(7.7%)
	8192	89.8%	(38.6%)
	16384	51.2%	(51.2%)

324000	avg = 213701	max = 362164
	32	100%	(0.1%)
	64	99.9%	(0.1%)
	512	99.8%	(0.3%)
	1024	99.5%	(0.3%)
	2048	99.2%	(1.6%)
	4096	97.6%	(7.6%)
	8192	90%	(41.3%)
	16384	48.7%	(48.7%)

325000	avg = 214005	max = 364684
	256	100%	(0.2%)
	512	99.8%	(0.1%)
	1024	99.7%	(1.2%)
	2048	98.5%	(1%)
	4096	97.5%	(8.9%)
	8192	88.6%	(39.1%)
	16384	49.5%	(49.5%)

326000	avg = 211011	max = 366536
	128	100%	(0.1%)
	512	99.9%	(0.5%)
	1024	99.4%	(0.6%)
	2048	98.8%	(2.1%)
	4096	96.7%	(7.7%)
	8192	89%	(41.5%)
	16384	47.5%	(47.5%)

327000	avg = 216307	max = 377928
	256	100%	(0.1%)
	512	99.9%	(0.3%)
	1024	99.6%	(1.6%)
	2048	98%	(1.3%)
	4096	96.7%	(6.2%)
	8192	90.5%	(40.3%)
	16384	50.2%	(50.2%)

328000	avg = 212995	max = 377880
	512	100%	(0.1%)
	1024	99.9%	(0.5%)
	2048	99.4%	(1.9%)
	4096	97.5%	(8.4%)
	8192	89.1%	(40.4%)
	16384	48.7%	(48.7%)

329000	avg = 210905	max = 367056
	512	100%	(0.1%)
	1024	99.9%	(0.4%)
	2048	99.5%	(1.9%)
	4096	97.6%	(8.6%)
	8192	89%	(43%)
	16384	46%	(46%)

330000	avg = 215559	max = 366532
	32	100%	(0.1%)
	256	99.9%	(0.1%)
	512	99.8%	(0.4%)
	1024	99.4%	(0.4%)
	2048	99%	(1.3%)
	4096	97.7%	(7.9%)
	8192	89.8%	(40.6%)
	16384	49.2%	(49.2%)

331000	avg = 211346	max = 367084
	512	100%	(0.3%)
	1024	99.7%	(0.4%)
	2048	99.3%	(1.4%)
	4096	97.9%	(9.1%)
	8192	88.8%	(40.4%)
	16384	48.4%	(48.4%)

332000	avg = 213892	max = 381644
	512	100%	(0.1%)
	1024	99.9%	(1%)
	2048	98.9%	(1.2%)
	4096	97.7%	(8.8%)
	8192	88.9%	(39.1%)
	16384	49.8%	(49.8%)

333000	avg = 219216	max = 366608
	64	100%	(0.1%)
	512	99.9%	(0.2%)
	1024	99.7%	(0.9%)
	2048	98.8%	(1.4%)
	4096	97.4%	(5.4%)
	8192	92%	(41.3%)
	16384	50.7%	(50.7%)

334000	avg = 215895	max = 383200
	512	100%	(0.3%)
	1024	99.7%	(0.9%)
	2048	98.8%	(1.1%)
	4096	97.7%	(8%)
	8192	89.7%	(38.9%)
	16384	50.8%	(50.8%)

335000	avg = 217507	max = 376208
	512	100%	(0.2%)
	1024	99.8%	(0.2%)
	2048	99.6%	(1.4%)
	4096	98.2%	(7.4%)
	8192	90.8%	(40.2%)
	16384	50.6%	(50.6%)

336000	avg = 212261	max = 372412
	32	100%	(0.1%)
	128	99.9%	(0.1%)
	512	99.8%	(0.3%)
	1024	99.5%	(0.6%)
	2048	98.9%	(1.1%)
	4096	97.8%	(8%)
	8192	89.8%	(42.1%)
	16384	47.7%	(47.7%)

337000	avg = 211031	max = 367152
	512	100%	(0.4%)
	1024	99.6%	(1%)
	2048	98.6%	(1.6%)
	4096	97%	(7.8%)
	8192	89.2%	(42.3%)
	16384	46.9%	(46.9%)

338000	avg = 210762	max = 364672
	512	100%	(0.5%)
	1024	99.5%	(1.1%)
	2048	98.4%	(1.9%)
	4096	96.5%	(8.4%)
	8192	88.1%	(40.2%)
	16384	47.9%	(47.9%)

339000	avg = 213621	max = 381004
	512	100%	(0.4%)
	1024	99.6%	(0.8%)
	2048	98.8%	(0.8%)
	4096	98%	(7.5%)
	8192	90.5%	(42.7%)
	16384	47.8%	(47.8%)

340000	avg = 212821	max = 383356
	64	100%	(0.1%)
	128	99.9%	(0.1%)
	256	99.8%	(0.2%)
	512	99.6%	(0.2%)
	1024	99.4%	(0.8%)
	2048	98.6%	(1.3%)
	4096	97.3%	(7.4%)
	8192	89.9%	(42.5%)
	16384	47.4%	(47.4%)

341000	avg = 215501	max = 378232
	512	100%	(0.4%)
	1024	99.6%	(0.5%)
	2048	99.1%	(0.8%)
	4096	98.3%	(7.9%)
	8192	90.4%	(40.9%)
	16384	49.5%	(49.5%)

342000	avg = 216116	max = 367308
	512	100%	(0.1%)
	1024	99.9%	(0.4%)
	2048	99.5%	(1.2%)
	4096	98.3%	(8.1%)
	8192	90.2%	(41%)
	16384	49.2%	(49.2%)

343000	avg = 213449	max = 365584
	256	100%	(0.1%)
	512	99.9%	(0.4%)
	1024	99.5%	(0.5%)
	2048	99%	(1.4%)
	4096	97.6%	(8.6%)
	8192	89%	(39.1%)
	16384	49.9%	(49.9%)

344000	avg = 211182	max = 381112
	512	100%	(0.1%)
	1024	99.9%	(0.9%)
	2048	99%	(1.6%)
	4096	97.4%	(9.5%)
	8192	87.9%	(39.8%)
	16384	48.1%	(48.1%)

Cutting alpha from 6.25e-05 to 3.125e-05
345000	avg = 216804	max = 373224
	256	100%	(0.2%)
	512	99.8%	(0.1%)
	1024	99.7%	(0.8%)
	2048	98.9%	(1.8%)
	4096	97.1%	(6.4%)
	8192	90.7%	(39.4%)
	16384	51.3%	(51.3%)

346000	avg = 217246	max = 373476
	64	100%	(0.1%)
	128	99.9%	(0.1%)
	256	99.8%	(0.1%)
	512	99.7%	(0.1%)
	1024	99.6%	(0.2%)
	2048	99.4%	(1.2%)
	4096	98.2%	(7.9%)
	8192	90.3%	(39.1%)
	16384	51.2%	(51.2%)

347000	avg = 212452	max = 366668
	32	100%	(0.1%)
	256	99.9%	(0.1%)
	512	99.8%	(0.2%)
	1024	99.6%	(1.5%)
	2048	98.1%	(0.7%)
	4096	97.4%	(6.7%)
	8192	90.7%	(43.5%)
	16384	47.2%	(47.2%)

348000	avg = 217850	max = 365344
	512	100%	(0.2%)
	1024	99.8%	(0.7%)
	2048	99.1%	(1.1%)
	4096	98%	(7.6%)
	8192	90.4%	(38.5%)
	16384	51.9%	(51.9%)

349000	avg = 217250	max = 377364
	512	100%	(0.4%)
	1024	99.6%	(0.5%)
	2048	99.1%	(1.7%)
	4096	97.4%	(7.5%)
	8192	89.9%	(38.9%)
	16384	51%	(51%)

350000	avg = 216362	max = 378032
	512	100%	(0.2%)
	1024	99.8%	(0.5%)
	2048	99.3%	(1.3%)
	4096	98%	(8%)
	8192	90%	(40.4%)
	16384	49.6%	(49.6%)

351000	avg = 213108	max = 365820
	512	100%	(0.2%)
	1024	99.8%	(1.2%)
	2048	98.6%	(1.2%)
	4096	97.4%	(7.8%)
	8192	89.6%	(41.1%)
	16384	48.5%	(48.5%)

352000	avg = 217580	max = 382336
	256	100%	(0.2%)
	512	99.8%	(0.2%)
	1024	99.6%	(0.9%)
	2048	98.7%	(1.1%)
	4096	97.6%	(8.1%)
	8192	89.5%	(39.8%)
	16384	49.7%	(49.7%)

353000	avg = 212092	max = 367308
	512	100%	(0.4%)
	1024	99.6%	(0.7%)
	2048	98.9%	(1.9%)
	4096	97%	(7.6%)
	8192	89.4%	(41%)
	16384	48.4%	(48.4%)

354000	avg = 213195	max = 385224
	512	100%	(0.4%)
	1024	99.6%	(0.5%)
	2048	99.1%	(1.9%)
	4096	97.2%	(7.7%)
	8192	89.5%	(40.6%)
	16384	48.9%	(48.9%)

355000	avg = 214235	max = 377028
	512	100%	(0.2%)
	1024	99.8%	(1.3%)
	2048	98.5%	(1.4%)
	4096	97.1%	(7%)
	8192	90.1%	(42.2%)
	16384	47.9%	(47.9%)

356000	avg = 217818	max = 367132
	128	100%	(0.1%)
	512	99.9%	(0.2%)
	1024	99.7%	(0.4%)
	2048	99.3%	(2.1%)
	4096	97.2%	(6.4%)
	8192	90.8%	(39.7%)
	16384	51.1%	(51.1%)

357000	avg = 210462	max = 366432
	64	100%	(0.1%)
	512	99.9%	(0.3%)
	1024	99.6%	(0.9%)
	2048	98.7%	(1.7%)
	4096	97%	(8.8%)
	8192	88.2%	(41.1%)
	16384	47.1%	(47.1%)

358000	avg = 213400	max = 366252
	256	100%	(0.1%)
	512	99.9%	(0.1%)
	1024	99.8%	(0.7%)
	2048	99.1%	(1.8%)
	4096	97.3%	(9.2%)
	8192	88.1%	(37.8%)
	16384	50.3%	(50.3%)

359000	avg = 217631	max = 366444
	512	100%	(0.1%)
	1024	99.9%	(0.6%)
	2048	99.3%	(1.8%)
	4096	97.5%	(7.7%)
	8192	89.8%	(38.2%)
	16384	51.6%	(51.6%)

360000	avg = 215240	max = 386236
	256	100%	(0.1%)
	512	99.9%	(0.2%)
	1024	99.7%	(0.5%)
	2048	99.2%	(1.8%)
	4096	97.4%	(8.3%)
	8192	89.1%	(40.3%)
	16384	48.8%	(48.8%)

361000	avg = 212502	max = 373724
	256	100%	(0.1%)
	512	99.9%	(0.4%)
	1024	99.5%	(0.8%)
	2048	98.7%	(1%)
	4096	97.7%	(7.3%)
	8192	90.4%	(42.4%)
	16384	48%	(48%)

362000	avg = 223082	max = 369976
	512	100%	(0.1%)
	1024	99.9%	(0.4%)
	2048	99.5%	(0.8%)
	4096	98.7%	(7.4%)
	8192	91.3%	(37.4%)
	16384	53.9%	(53.9%)

363000	avg = 215478	max = 380864
	512	100%	(0.1%)
	1024	99.9%	(0.9%)
	2048	99%	(1.4%)
	4096	97.6%	(6.8%)
	8192	90.8%	(41.5%)
	16384	49.3%	(49.3%)

364000	avg = 217216	max = 386472
	256	100%	(0.1%)
	512	99.9%	(0.1%)
	1024	99.8%	(1%)
	2048	98.8%	(1.2%)
	4096	97.6%	(7.8%)
	8192	89.8%	(38.2%)
	16384	51.6%	(51.6%)

365000	avg = 215719	max = 366980
	256	100%	(0.1%)
	512	99.9%	(0.2%)
	1024	99.7%	(0.5%)
	2048	99.2%	(1%)
	4096	98.2%	(8.3%)
	8192	89.9%	(40.9%)
	16384	49%	(49%)

366000	avg = 218632	max = 366720
	256	100%	(0.1%)
	512	99.9%	(0.2%)
	1024	99.7%	(0.7%)
	2048	99%	(1.3%)
	4096	97.7%	(7.2%)
	8192	90.5%	(37.5%)
	16384	53%	(53%)

367000	avg = 209438	max = 366452
	256	100%	(0.1%)
	512	99.9%	(0.3%)
	1024	99.6%	(1.3%)
	2048	98.3%	(2.1%)
	4096	96.2%	(8.1%)
	8192	88.1%	(40.4%)
	16384	47.7%	(47.7%)

368000	avg = 217562	max = 372816
	512	100%	(0.2%)
	1024	99.8%	(0.9%)
	2048	98.9%	(1.5%)
	4096	97.4%	(7.4%)
	8192	90%	(38.8%)
	16384	51.2%	(51.2%)

369000	avg = 222436	max = 383348
	512	100%	(0.2%)
	1024	99.8%	(0.2%)
	2048	99.6%	(1.1%)
	4096	98.5%	(6.8%)
	8192	91.7%	(38.1%)
	16384	53.6%	(53.6%)

370000	avg = 218383	max = 367748
	512	100%	(0.3%)
	1024	99.7%	(0.4%)
	2048	99.3%	(1.5%)
	4096	97.8%	(6.8%)
	8192	91%	(39.2%)
	16384	51.8%	(51.8%)

371000	avg = 213605	max = 376520
	128	100%	(0.1%)
	512	99.9%	(0.2%)
	1024	99.7%	(0.6%)
	2048	99.1%	(1.1%)
	4096	98%	(8.1%)
	8192	89.9%	(41.2%)
	16384	48.7%	(48.7%)

372000	avg = 211395	max = 372556
	1024	100%	(0.7%)
	2048	99.3%	(1.2%)
	4096	98.1%	(8.2%)
	8192	89.9%	(42.5%)
	16384	47.4%	(47.4%)

373000	avg = 208838	max = 373228
	512	100%	(0.2%)
	1024	99.8%	(1.1%)
	2048	98.7%	(1.5%)
	4096	97.2%	(8.3%)
	8192	88.9%	(42.9%)
	16384	46%	(46%)

374000	avg = 220379	max = 372608
	512	100%	(0.5%)
	1024	99.5%	(0.6%)
	2048	98.9%	(1.2%)
	4096	97.7%	(6.3%)
	8192	91.4%	(38.4%)
	16384	53%	(53%)

375000	avg = 218684	max = 383392
	512	100%	(0.2%)
	1024	99.8%	(0.8%)
	2048	99%	(1.5%)
	4096	97.5%	(6.9%)
	8192	90.6%	(39.1%)
	16384	51.5%	(51.5%)

376000	avg = 220287	max = 377384
	512	100%	(0.3%)
	1024	99.7%	(0.3%)
	2048	99.4%	(1.8%)
	4096	97.6%	(5.6%)
	8192	92%	(40.2%)
	16384	51.8%	(51.8%)

377000	avg = 211607	max = 383184
	64	100%	(0.1%)
	256	99.9%	(0.1%)
	512	99.8%	(0.1%)
	1024	99.7%	(0.7%)
	2048	99%	(1.5%)
	4096	97.5%	(8.7%)
	8192	88.8%	(40.9%)
	16384	47.9%	(47.9%)

378000	avg = 217305	max = 386988
	512	100%	(0.4%)
	1024	99.6%	(0.5%)
	2048	99.1%	(1.7%)
	4096	97.4%	(6.7%)
	8192	90.7%	(39.3%)
	16384	51.4%	(51.4%)

379000	avg = 215205	max = 382364
	128	100%	(0.1%)
	256	99.9%	(0.1%)
	1024	99.8%	(0.5%)
	2048	99.3%	(1.2%)
	4096	98.1%	(7.9%)
	8192	90.2%	(41.4%)
	16384	48.8%	(48.8%)

380000	avg = 216380	max = 382324
	256	100%	(0.1%)
	512	99.9%	(0.3%)
	1024	99.6%	(1%)
	2048	98.6%	(1.7%)
	4096	96.9%	(7%)
	8192	89.9%	(38.9%)
	16384	51%	(51%)

381000	avg = 218421	max = 365100
	256	100%	(0.1%)
	1024	99.9%	(0.5%)
	2048	99.4%	(0.8%)
	4096	98.6%	(7%)
	8192	91.6%	(40.9%)
	16384	50.7%	(50.7%)

382000	avg = 216597	max = 365572
	512	100%	(0.2%)
	1024	99.8%	(0.9%)
	2048	98.9%	(0.9%)
	4096	98%	(8.9%)
	8192	89.1%	(38.6%)
	16384	50.5%	(50.5%)

383000	avg = 214631	max = 367192
	512	100%	(0.3%)
	1024	99.7%	(0.6%)
	2048	99.1%	(1.7%)
	4096	97.4%	(7%)
	8192	90.4%	(40.5%)
	16384	49.9%	(49.9%)

384000	avg = 207177	max = 373564
	256	100%	(0.1%)
	512	99.9%	(0.4%)
	1024	99.5%	(0.6%)
	2048	98.9%	(2%)
	4096	96.9%	(8.9%)
	8192	88%	(43.8%)
	16384	44.2%	(44.2%)

385000	avg = 217184	max = 383264
	512	100%	(0.1%)
	1024	99.9%	(1%)
	2048	98.9%	(1.3%)
	4096	97.6%	(6.9%)
	8192	90.7%	(40.1%)
	16384	50.6%	(50.6%)

386000	avg = 215666	max = 376516
	512	100%	(0.4%)
	1024	99.6%	(0.8%)
	2048	98.8%	(1.1%)
	4096	97.7%	(7.2%)
	8192	90.5%	(40.9%)
	16384	49.6%	(49.6%)

387000	avg = 214545	max = 381732
	256	100%	(0.1%)
	512	99.9%	(0.1%)
	1024	99.8%	(0.7%)
	2048	99.1%	(1.6%)
	4096	97.5%	(6.9%)
	8192	90.6%	(43%)
	16384	47.6%	(47.6%)

388000	avg = 213279	max = 366412
	256	100%	(0.1%)
	512	99.9%	(0.4%)
	1024	99.5%	(0.3%)
	2048	99.2%	(1.4%)
	4096	97.8%	(8.1%)
	8192	89.7%	(42.5%)
	16384	47.2%	(47.2%)

389000	avg = 213353	max = 366736
	128	100%	(0.1%)
	256	99.9%	(0.2%)
	512	99.7%	(0.2%)
	1024	99.5%	(0.8%)
	2048	98.7%	(0.8%)
	4096	97.9%	(8.6%)
	8192	89.3%	(40.9%)
	16384	48.4%	(48.4%)

390000	avg = 219338	max = 374932
	1024	100%	(0.6%)
	2048	99.4%	(1.3%)
	4096	98.1%	(6.2%)
	8192	91.9%	(41.1%)
	16384	50.8%	(50.8%)

391000	avg = 216882	max = 376592
	512	100%	(0.2%)
	1024	99.8%	(0.3%)
	2048	99.5%	(2%)
	4096	97.5%	(7.3%)
	8192	90.2%	(40.2%)
	16384	50%	(50%)

392000	avg = 217954	max = 366912
	512	100%	(0.2%)
	1024	99.8%	(0.4%)
	2048	99.4%	(1.1%)
	4096	98.3%	(6.5%)
	8192	91.8%	(41.1%)
	16384	50.7%	(50.7%)

393000	avg = 214707	max = 366332
	512	100%	(0.4%)
	1024	99.6%	(0.8%)
	2048	98.8%	(1.2%)
	4096	97.6%	(8.1%)
	8192	89.5%	(39.8%)
	16384	49.7%	(49.7%)

Cutting alpha from 3.125e-05 to 1.5625e-05
394000	avg = 211366	max = 386612
	64	100%	(0.2%)
	256	99.8%	(0.1%)
	512	99.7%	(0.3%)
	1024	99.4%	(0.7%)
	2048	98.7%	(2%)
	4096	96.7%	(8.2%)
	8192	88.5%	(39.9%)
	16384	48.6%	(48.6%)

395000	avg = 217347	max = 373988
	128	100%	(0.1%)
	512	99.9%	(0.1%)
	1024	99.8%	(1.3%)
	2048	98.5%	(1.3%)
	4096	97.2%	(7.6%)
	8192	89.6%	(38.6%)
	16384	51%	(51%)

396000	avg = 217877	max = 366108
	1024	100%	(0.9%)
	2048	99.1%	(1.7%)
	4096	97.4%	(7.6%)
	8192	89.8%	(39.4%)
	16384	50.4%	(50.4%)

397000	avg = 221859	max = 374372
	64	100%	(0.1%)
	512	99.9%	(0.2%)
	1024	99.7%	(0.4%)
	2048	99.3%	(1.5%)
	4096	97.8%	(8.1%)
	8192	89.7%	(36.6%)
	16384	53.1%	(53.1%)

398000	avg = 212616	max = 372316
	256	100%	(0.1%)
	512	99.9%	(0.1%)
	1024	99.8%	(1.4%)
	2048	98.4%	(1.3%)
	4096	97.1%	(8.8%)
	8192	88.3%	(39%)
	16384	49.3%	(49.3%)

399000	avg = 209401	max = 368048
	64	100%	(0.1%)
	512	99.9%	(0.4%)
	1024	99.5%	(1%)
	2048	98.5%	(1.4%)
	4096	97.1%	(8.6%)
	8192	88.5%	(42.1%)
	16384	46.4%	(46.4%)

400000	avg = 216454	max = 378052
	512	100%	(0.1%)
	1024	99.9%	(0.5%)
	2048	99.4%	(1.3%)
	4096	98.1%	(8.3%)
	8192	89.8%	(39.6%)
	16384	50.2%	(50.2%)

401000	avg = 216168	max = 382320
	512	100%	(0.7%)
	1024	99.3%	(0.8%)
	2048	98.5%	(1.8%)
	4096	96.7%	(8.4%)
	8192	88.3%	(37.3%)
	16384	51%	(51%)

402000	avg = 217517	max = 367128
	512	100%	(0.2%)
	1024	99.8%	(0.8%)
	2048	99%	(1.1%)
	4096	97.9%	(6.3%)
	8192	91.6%	(40.6%)
	16384	51%	(51%)

403000	avg = 214196	max = 367104
	128	100%	(0.1%)
	256	99.9%	(0.1%)
	512	99.8%	(0.3%)
	1024	99.5%	(1.1%)
	2048	98.4%	(1.3%)
	4096	97.1%	(6.8%)
	8192	90.3%	(40.4%)
	16384	49.9%	(49.9%)

404000	avg = 217211	max = 381480
	512	100%	(0.1%)
	1024	99.9%	(1.5%)
	2048	98.4%	(1.5%)
	4096	96.9%	(7.8%)
	8192	89.1%	(38.1%)
	16384	51%	(51%)

405000	avg = 212495	max = 366852
	512	100%	(0.4%)
	1024	99.6%	(0.7%)
	2048	98.9%	(1%)
	4096	97.9%	(9.6%)
	8192	88.3%	(39.7%)
	16384	48.6%	(48.6%)

406000	avg = 214719	max = 369004
	512	100%	(0.3%)
	1024	99.7%	(0.4%)
	2048	99.3%	(1.4%)
	4096	97.9%	(6.5%)
	8192	91.4%	(42.4%)
	16384	49%	(49%)

407000	avg = 219184	max = 381752
	64	100%	(0.1%)
	256	99.9%	(0.2%)
	512	99.7%	(0.3%)
	1024	99.4%	(0.3%)
	2048	99.1%	(1.4%)
	4096	97.7%	(8%)
	8192	89.7%	(37%)
	16384	52.7%	(52.7%)

408000	avg = 214460	max = 364660
	512	100%	(0.1%)
	1024	99.9%	(0.9%)
	2048	99%	(1.7%)
	4096	97.3%	(9.6%)
	8192	87.7%	(37.6%)
	16384	50.1%	(50.1%)

409000	avg = 212853	max = 367008
	32	100%	(0.1%)
	256	99.9%	(0.1%)
	512	99.8%	(0.1%)
	1024	99.7%	(0.6%)
	2048	99.1%	(1.6%)
	4096	97.5%	(8%)
	8192	89.5%	(41.4%)
	16384	48.1%	(48.1%)

Cutting alpha from 1.5625e-05 to 7.8125e-06
410000	avg = 219794	max = 367240
	64	100%	(0.1%)
	512	99.9%	(0.2%)
	1024	99.7%	(0.6%)
	2048	99.1%	(1.2%)
	4096	97.9%	(6.4%)
	8192	91.5%	(39.6%)
	16384	51.9%	(51.9%)

411000	avg = 216006	max = 375584
	512	100%	(0.2%)
	1024	99.8%	(0.7%)
	2048	99.1%	(1.3%)
	4096	97.8%	(8.3%)
	8192	89.5%	(40.1%)
	16384	49.4%	(49.4%)

412000	avg = 219897	max = 366732
	64	100%	(0.1%)
	512	99.9%	(0.1%)
	1024	99.8%	(0.5%)
	2048	99.3%	(0.7%)
	4096	98.6%	(7.6%)
	8192	91%	(39%)
	16384	52%	(52%)

413000	avg = 211763	max = 383352
	128	100%	(0.1%)
	512	99.9%	(0.4%)
	1024	99.5%	(0.9%)
	2048	98.6%	(1.8%)
	4096	96.8%	(7.9%)
	8192	88.9%	(41.5%)
	16384	47.4%	(47.4%)

414000	avg = 217769	max = 374012
	64	100%	(0.1%)
	256	99.9%	(0.1%)
	512	99.8%	(0.2%)
	1024	99.6%	(0.5%)
	2048	99.1%	(1.4%)
	4096	97.7%	(8%)
	8192	89.7%	(38.4%)
	16384	51.3%	(51.3%)

415000	avg = 213695	max = 367052
	64	100%	(0.1%)
	256	99.9%	(0.1%)
	512	99.8%	(0.2%)
	1024	99.6%	(0.6%)
	2048	99%	(2.4%)
	4096	96.6%	(6.4%)
	8192	90.2%	(41.4%)
	16384	48.8%	(48.8%)

416000	avg = 217068	max = 380708
	128	100%	(0.1%)
	512	99.9%	(0.2%)
	1024	99.7%	(1%)
	2048	98.7%	(0.6%)
	4096	98.1%	(8.6%)
	8192	89.5%	(39.8%)
	16384	49.7%	(49.7%)

417000	avg = 219458	max = 377572
	512	100%	(0.2%)
	1024	99.8%	(0.5%)
	2048	99.3%	(1.8%)
	4096	97.5%	(6.9%)
	8192	90.6%	(38%)
	16384	52.6%	(52.6%)

418000	avg = 219078	max = 366700
	128	100%	(0.1%)
	256	99.9%	(0.1%)
	512	99.8%	(0.1%)
	1024	99.7%	(0.7%)
	2048	99%	(1.6%)
	4096	97.4%	(6%)
	8192	91.4%	(40%)
	16384	51.4%	(51.4%)

419000	avg = 219682	max = 377260
	128	100%	(0.1%)
	512	99.9%	(0.2%)
	1024	99.7%	(0.4%)
	2048	99.3%	(1.2%)
	4096	98.1%	(7.2%)
	8192	90.9%	(39.1%)
	16384	51.8%	(51.8%)

420000	avg = 216594	max = 366712
	512	100%	(0.4%)
	1024	99.6%	(0.9%)
	2048	98.7%	(1.2%)
	4096	97.5%	(7.7%)
	8192	89.8%	(39.6%)
	16384	50.2%	(50.2%)

421000	avg = 215818	max = 385368
	256	100%	(0.1%)
	512	99.9%	(0.2%)
	1024	99.7%	(1.1%)
	2048	98.6%	(1.3%)
	4096	97.3%	(7.6%)
	8192	89.7%	(40.4%)
	16384	49.3%	(49.3%)

422000	avg = 214746	max = 365820
	512	100%	(0.5%)
	1024	99.5%	(0.7%)
	2048	98.8%	(1.7%)
	4096	97.1%	(6.5%)
	8192	90.6%	(41.3%)
	16384	49.3%	(49.3%)

423000	avg = 213327	max = 372420
	512	100%	(0.2%)
	1024	99.8%	(0.6%)
	2048	99.2%	(1.2%)
	4096	98%	(9%)
	8192	89%	(40.8%)
	16384	48.2%	(48.2%)

424000	avg = 216804	max = 372548
	512	100%	(0.2%)
	1024	99.8%	(0.5%)
	2048	99.3%	(1.3%)
	4096	98%	(7.6%)
	8192	90.4%	(40.1%)
	16384	50.3%	(50.3%)

425000	avg = 216177	max = 366520
	16	100%	(0.1%)
	32	99.9%	(0.1%)
	64	99.8%	(0.1%)
	512	99.7%	(0.4%)
	1024	99.3%	(0.5%)
	2048	98.8%	(1.6%)
	4096	97.2%	(8.3%)
	8192	88.9%	(37%)
	16384	51.9%	(51.9%)

426000	avg = 218409	max = 376444
	256	100%	(0.1%)
	512	99.9%	(0.2%)
	1024	99.7%	(1.1%)
	2048	98.6%	(1%)
	4096	97.6%	(7.5%)
	8192	90.1%	(37.5%)
	16384	52.6%	(52.6%)

427000	avg = 215674	max = 363284
	512	100%	(0.2%)
	1024	99.8%	(0.5%)
	2048	99.3%	(1.1%)
	4096	98.2%	(7.9%)
	8192	90.3%	(40.5%)
	16384	49.8%	(49.8%)

428000	avg = 218109	max = 386948
	32	100%	(0.1%)
	512	99.9%	(0.1%)
	1024	99.8%	(0.6%)
	2048	99.2%	(1.6%)
	4096	97.6%	(6.8%)
	8192	90.8%	(39.5%)
	16384	51.3%	(51.3%)

429000	avg = 218361	max = 366624
	256	100%	(0.1%)
	512	99.9%	(0.1%)
	1024	99.8%	(0.5%)
	2048	99.3%	(1.9%)
	4096	97.4%	(6.9%)
	8192	90.5%	(39.3%)
	16384	51.2%	(51.2%)

430000	avg = 215333	max = 373968
	64	100%	(0.1%)
	512	99.9%	(0.3%)
	1024	99.6%	(0.6%)
	2048	99%	(1.4%)
	4096	97.6%	(6.3%)
	8192	91.3%	(42.1%)
	16384	49.2%	(49.2%)

431000	avg = 219618	max = 374076
	256	100%	(0.1%)
	512	99.9%	(0.2%)
	1024	99.7%	(0.5%)
	2048	99.2%	(1.1%)
	4096	98.1%	(7.9%)
	8192	90.2%	(38.6%)
	16384	51.6%	(51.6%)

432000	avg = 218411	max = 366644
	128	100%	(0.1%)
	512	99.9%	(0.5%)
	1024	99.4%	(1.1%)
	2048	98.3%	(1.3%)
	4096	97%	(6.9%)
	8192	90.1%	(38.3%)
	16384	51.8%	(51.8%)

433000	avg = 213714	max = 383044
	512	100%	(0.2%)
	1024	99.8%	(1.1%)
	2048	98.7%	(1.7%)
	4096	97%	(8.3%)
	8192	88.7%	(39.7%)
	16384	49%	(49%)

434000	avg = 214583	max = 367084
	256	100%	(0.1%)
	512	99.9%	(0.2%)
	1024	99.7%	(1.1%)
	2048	98.6%	(2.2%)
	4096	96.4%	(6.2%)
	8192	90.2%	(40.8%)
	16384	49.4%	(49.4%)

435000	avg = 213880	max = 384508
	1024	100%	(0.4%)
	2048	99.6%	(1.6%)
	4096	98%	(9.1%)
	8192	88.9%	(39.5%)
	16384	49.4%	(49.4%)

436000	avg = 217699	max = 366352
	1024	100%	(0.7%)
	2048	99.3%	(1.5%)
	4096	97.8%	(7.2%)
	8192	90.6%	(39.7%)
	16384	50.9%	(50.9%)

437000	avg = 214011	max = 366356
	64	100%	(0.1%)
	256	99.9%	(0.1%)
	512	99.8%	(0.2%)
	1024	99.6%	(1%)
	2048	98.6%	(1.5%)
	4096	97.1%	(7.6%)
	8192	89.5%	(40.1%)
	16384	49.4%	(49.4%)

438000	avg = 215710	max = 366600
	64	100%	(0.1%)
	1024	99.9%	(1%)
	2048	98.9%	(1.5%)
	4096	97.4%	(7.8%)
	8192	89.6%	(40%)
	16384	49.6%	(49.6%)

439000	avg = 221120	max = 381120
	512	100%	(0.2%)
	1024	99.8%	(0.8%)
	2048	99%	(1.1%)
	4096	97.9%	(6.7%)
	8192	91.2%	(37.7%)
	16384	53.5%	(53.5%)

440000	avg = 215643	max = 378216
	32	100%	(0.1%)
	64	99.9%	(0.1%)
	256	99.8%	(0.1%)
	512	99.7%	(0.4%)
	1024	99.3%	(0.7%)
	2048	98.6%	(1%)
	4096	97.6%	(8.3%)
	8192	89.3%	(39.6%)
	16384	49.7%	(49.7%)

441000	avg = 214264	max = 380980
	128	100%	(0.1%)
	512	99.9%	(0.5%)
	1024	99.4%	(0.6%)
	2048	98.8%	(2.1%)
	4096	96.7%	(7.9%)
	8192	88.8%	(38.3%)
	16384	50.5%	(50.5%)

442000	avg = 218060	max = 373348
	128	100%	(0.2%)
	256	99.8%	(0.2%)
	512	99.6%	(0.3%)
	1024	99.3%	(0.6%)
	2048	98.7%	(1.1%)
	4096	97.6%	(6.7%)
	8192	90.9%	(39.6%)
	16384	51.3%	(51.3%)

Cutting alpha from 7.8125e-06 to 3.90625e-06
443000	avg = 216582	max = 383168
	128	100%	(0.1%)
	256	99.9%	(0.1%)
	512	99.8%	(0.7%)
	1024	99.1%	(0.8%)
	2048	98.3%	(1.9%)
	4096	96.4%	(6.7%)
	8192	89.7%	(38.7%)
	16384	51%	(51%)

444000	avg = 218680	max = 380828
	512	100%	(0.1%)
	1024	99.9%	(1%)
	2048	98.9%	(0.6%)
	4096	98.3%	(6.3%)
	8192	92%	(40.5%)
	16384	51.5%	(51.5%)

445000	avg = 220744	max = 376256
	512	100%	(0.4%)
	1024	99.6%	(0.9%)
	2048	98.7%	(0.9%)
	4096	97.8%	(6.3%)
	8192	91.5%	(39.4%)
	16384	52.1%	(52.1%)

446000	avg = 215482	max = 364252
	1024	100%	(1.2%)
	2048	98.8%	(1%)
	4096	97.8%	(6.6%)
	8192	91.2%	(42.1%)
	16384	49.1%	(49.1%)

447000	avg = 219996	max = 367688
	512	100%	(0.1%)
	1024	99.9%	(1.3%)
	2048	98.6%	(0.9%)
	4096	97.7%	(7.6%)
	8192	90.1%	(36.4%)
	16384	53.7%	(53.7%)

448000	avg = 218373	max = 382260
	512	100%	(0.1%)
	1024	99.9%	(0.7%)
	2048	99.2%	(1.8%)
	4096	97.4%	(7.3%)
	8192	90.1%	(38.7%)
	16384	51.4%	(51.4%)

449000	avg = 217763	max = 366764
	512	100%	(0.4%)
	1024	99.6%	(0.9%)
	2048	98.7%	(1%)
	4096	97.7%	(7.2%)
	8192	90.5%	(39.2%)
	16384	51.3%	(51.3%)

450000	avg = 217539	max = 378356
	128	100%	(0.1%)
	512	99.9%	(0.1%)
	1024	99.8%	(0.8%)
	2048	99%	(1.6%)
	4096	97.4%	(7.6%)
	8192	89.8%	(39%)
	16384	50.8%	(50.8%)

451000	avg = 214783	max = 373400
	512	100%	(0.3%)
	1024	99.7%	(1.1%)
	2048	98.6%	(1.4%)
	4096	97.2%	(8%)
	8192	89.2%	(39.4%)
	16384	49.8%	(49.8%)

452000	avg = 219976	max = 367036
	512	100%	(0.1%)
	1024	99.9%	(0.9%)
	2048	99%	(2.1%)
	4096	96.9%	(5.8%)
	8192	91.1%	(39.3%)
	16384	51.8%	(51.8%)

453000	avg = 214170	max = 365232
	512	100%	(0.3%)
	1024	99.7%	(1.5%)
	2048	98.2%	(1.5%)
	4096	96.7%	(8.6%)
	8192	88.1%	(37.9%)
	16384	50.2%	(50.2%)

454000	avg = 218762	max = 384928
	1024	100%	(0.8%)
	2048	99.2%	(1.1%)
	4096	98.1%	(7.4%)
	8192	90.7%	(40.1%)
	16384	50.6%	(50.6%)

455000	avg = 215703	max = 367036
	32	100%	(0.1%)
	512	99.9%	(0.3%)
	1024	99.6%	(1.2%)
	2048	98.4%	(0.6%)
	4096	97.8%	(8.2%)
	8192	89.6%	(40.2%)
	16384	49.4%	(49.4%)

456000	avg = 213791	max = 368688
	512	100%	(0.1%)
	1024	99.9%	(0.7%)
	2048	99.2%	(1.3%)
	4096	97.9%	(7.4%)
	8192	90.5%	(41.8%)
	16384	48.7%	(48.7%)

457000	avg = 217618	max = 366628
	1024	100%	(1%)
	2048	99%	(1.2%)
	4096	97.8%	(7.8%)
	8192	90%	(38.2%)
	16384	51.8%	(51.8%)

458000	avg = 219781	max = 382044
	256	100%	(0.1%)
	512	99.9%	(0.1%)
	1024	99.8%	(0.3%)
	2048	99.5%	(1.6%)
	4096	97.9%	(6.7%)
	8192	91.2%	(39.3%)
	16384	51.9%	(51.9%)

459000	avg = 217165	max = 378196
	512	100%	(0.1%)
	1024	99.9%	(0.7%)
	2048	99.2%	(1.4%)
	4096	97.8%	(8.4%)
	8192	89.4%	(38.9%)
	16384	50.5%	(50.5%)

460000	avg = 218650	max = 363412
	512	100%	(0.4%)
	1024	99.6%	(0.5%)
	2048	99.1%	(1.5%)
	4096	97.6%	(7.3%)
	8192	90.3%	(37.6%)
	16384	52.7%	(52.7%)

461000	avg = 214574	max = 377472
	256	100%	(0.1%)
	512	99.9%	(0.3%)
	1024	99.6%	(1.1%)
	2048	98.5%	(1.7%)
	4096	96.8%	(7.8%)
	8192	89%	(39.7%)
	16384	49.3%	(49.3%)

462000	avg = 223232	max = 374092
	32	100%	(0.1%)
	256	99.9%	(0.1%)
	512	99.8%	(0.2%)
	1024	99.6%	(0.9%)
	2048	98.7%	(1.4%)
	4096	97.3%	(6.1%)
	8192	91.2%	(36.6%)
	16384	54.6%	(54.6%)

463000	avg = 222301	max = 373852
	512	100%	(0.4%)
	1024	99.6%	(0.7%)
	2048	98.9%	(1.4%)
	4096	97.5%	(7.3%)
	8192	90.2%	(36.4%)
	16384	53.8%	(53.8%)

464000	avg = 217042	max = 376392
	256	100%	(0.1%)
	512	99.9%	(0.4%)
	1024	99.5%	(0.6%)
	2048	98.9%	(1.7%)
	4096	97.2%	(7.9%)
	8192	89.3%	(38.3%)
	16384	51%	(51%)

465000	avg = 216827	max = 377724
	64	100%	(0.1%)
	512	99.9%	(0.4%)
	1024	99.5%	(0.8%)
	2048	98.7%	(1.2%)
	4096	97.5%	(8.1%)
	8192	89.4%	(38.1%)
	16384	51.3%	(51.3%)

466000	avg = 217774	max = 366848
	64	100%	(0.1%)
	256	99.9%	(0.1%)
	512	99.8%	(0.5%)
	1024	99.3%	(0.9%)
	2048	98.4%	(1.1%)
	4096	97.3%	(7.4%)
	8192	89.9%	(37.9%)
	16384	52%	(52%)

467000	avg = 219717	max = 387028
	512	100%	(0.3%)
	1024	99.7%	(0.9%)
	2048	98.8%	(1.5%)
	4096	97.3%	(7.7%)
	8192	89.6%	(36.7%)
	16384	52.9%	(52.9%)

468000	avg = 212181	max = 366512
	128	100%	(0.1%)
	256	99.9%	(0.1%)
	512	99.8%	(0.2%)
	1024	99.6%	(0.8%)
	2048	98.8%	(1.4%)
	4096	97.4%	(8.3%)
	8192	89.1%	(39.9%)
	16384	49.2%	(49.2%)

469000	avg = 218806	max = 374392
	512	100%	(0.4%)
	1024	99.6%	(0.7%)
	2048	98.9%	(1.7%)
	4096	97.2%	(7%)
	8192	90.2%	(38.5%)
	16384	51.7%	(51.7%)

470000	avg = 215847	max = 382708
	512	100%	(0.3%)
	1024	99.7%	(0.7%)
	2048	99%	(1.5%)
	4096	97.5%	(7.2%)
	8192	90.3%	(40.6%)
	16384	49.7%	(49.7%)

471000	avg = 221460	max = 372744
	512	100%	(0.1%)
	1024	99.9%	(0.6%)
	2048	99.3%	(1.5%)
	4096	97.8%	(6.4%)
	8192	91.4%	(37.9%)
	16384	53.5%	(53.5%)

472000	avg = 221003	max = 365232
	128	100%	(0.1%)
	256	99.9%	(0.1%)
	512	99.8%	(0.2%)
	1024	99.6%	(0.6%)
	2048	99%	(1%)
	4096	98%	(7.4%)
	8192	90.6%	(37.1%)
	16384	53.5%	(53.5%)

473000	avg = 217430	max = 366236
	512	100%	(0.3%)
	1024	99.7%	(1%)
	2048	98.7%	(1.5%)
	4096	97.2%	(6.7%)
	8192	90.5%	(38.2%)
	16384	52.3%	(52.3%)

474000	avg = 214177	max = 381660
	128	100%	(0.1%)
	1024	99.9%	(1.3%)
	2048	98.6%	(2.1%)
	4096	96.5%	(8.7%)
	8192	87.8%	(38.5%)
	16384	49.3%	(49.3%)

475000	avg = 216713	max = 374000
	32	100%	(0.1%)
	1024	99.9%	(0.4%)
	2048	99.5%	(1.5%)
	4096	98%	(7.3%)
	8192	90.7%	(40%)
	16384	50.7%	(50.7%)

476000	avg = 213369	max = 374136
	512	100%	(0.3%)
	1024	99.7%	(0.5%)
	2048	99.2%	(1.4%)
	4096	97.8%	(7.8%)
	8192	90%	(41.1%)
	16384	48.9%	(48.9%)

477000	avg = 216472	max = 376376
	512	100%	(0.1%)
	1024	99.9%	(1%)
	2048	98.9%	(0.9%)
	4096	98%	(7%)
	8192	91%	(41.2%)
	16384	49.8%	(49.8%)

478000	avg = 216663	max = 373624
	256	100%	(0.1%)
	512	99.9%	(0.2%)
	1024	99.7%	(1.1%)
	2048	98.6%	(1.6%)
	4096	97%	(8.3%)
	8192	88.7%	(36.9%)
	16384	51.8%	(51.8%)

479000	avg = 220398	max = 372560
	256	100%	(0.1%)
	512	99.9%	(0.2%)
	1024	99.7%	(0.8%)
	2048	98.9%	(1.1%)
	4096	97.8%	(7.5%)
	8192	90.3%	(38.3%)
	16384	52%	(52%)

480000	avg = 215778	max = 365440
	512	100%	(0.4%)
	1024	99.6%	(0.9%)
	2048	98.7%	(1.3%)
	4096	97.4%	(8.1%)
	8192	89.3%	(38.9%)
	16384	50.4%	(50.4%)

481000	avg = 216399	max = 366148
	512	100%	(0.1%)
	1024	99.9%	(1.2%)
	2048	98.7%	(1.8%)
	4096	96.9%	(7.2%)
	8192	89.7%	(38.4%)
	16384	51.3%	(51.3%)

482000	avg = 220257	max = 366388
	512	100%	(0.4%)
	1024	99.6%	(0.2%)
	2048	99.4%	(1.1%)
	4096	98.3%	(7.5%)
	8192	90.8%	(38.3%)
	16384	52.5%	(52.5%)

483000	avg = 212955	max = 374084
	256	100%	(0.2%)
	512	99.8%	(0.2%)
	1024	99.6%	(0.7%)
	2048	98.9%	(0.5%)
	4096	98.4%	(9.3%)
	8192	89.1%	(40.3%)
	16384	48.8%	(48.8%)

484000	avg = 215385	max = 367068
	512	100%	(0.1%)
	1024	99.9%	(0.7%)
	2048	99.2%	(1.7%)
	4096	97.5%	(7.6%)
	8192	89.9%	(40.2%)
	16384	49.7%	(49.7%)

485000	avg = 213087	max = 365400
	256	100%	(0.1%)
	512	99.9%	(0.2%)
	1024	99.7%	(0.9%)
	2048	98.8%	(1.4%)
	4096	97.4%	(7.9%)
	8192	89.5%	(41%)
	16384	48.5%	(48.5%)

486000	avg = 211959	max = 381408
	512	100%	(0.2%)
	1024	99.8%	(1.1%)
	2048	98.7%	(1.2%)
	4096	97.5%	(9.3%)
	8192	88.2%	(39.4%)
	16384	48.8%	(48.8%)

487000	avg = 216072	max = 373508
	512	100%	(0.1%)
	1024	99.9%	(0.8%)
	2048	99.1%	(1.8%)
	4096	97.3%	(7.6%)
	8192	89.7%	(39.3%)
	16384	50.4%	(50.4%)

488000	avg = 217703	max = 367156
	512	100%	(0.4%)
	1024	99.6%	(0.7%)
	2048	98.9%	(2.2%)
	4096	96.7%	(7.4%)
	8192	89.3%	(37.4%)
	16384	51.9%	(51.9%)

489000	avg = 220169	max = 366568
	512	100%	(0.2%)
	1024	99.8%	(0.4%)
	2048	99.4%	(1.7%)
	4096	97.7%	(6.7%)
	8192	91%	(39.5%)
	16384	51.5%	(51.5%)

490000	avg = 219446	max = 367228
	512	100%	(0.3%)
	1024	99.7%	(0.5%)
	2048	99.2%	(1.5%)
	4096	97.7%	(7.9%)
	8192	89.8%	(38%)
	16384	51.8%	(51.8%)

491000	avg = 217082	max = 371892
	128	100%	(0.1%)
	512	99.9%	(0.3%)
	1024	99.6%	(0.9%)
	2048	98.7%	(1.3%)
	4096	97.4%	(6.8%)
	8192	90.6%	(39.6%)
	16384	51%	(51%)

Cutting alpha from 3.90625e-06 to 1.95313e-06
492000	avg = 214200	max = 373436
	64	100%	(0.1%)
	512	99.9%	(0.5%)
	1024	99.4%	(0.7%)
	2048	98.7%	(1%)
	4096	97.7%	(7.1%)
	8192	90.6%	(41.1%)
	16384	49.5%	(49.5%)

493000	avg = 217948	max = 377792
	512	100%	(0.2%)
	1024	99.8%	(1%)
	2048	98.8%	(1.1%)
	4096	97.7%	(6.9%)
	8192	90.8%	(40.2%)
	16384	50.6%	(50.6%)

494000	avg = 211835	max = 366988
	512	100%	(0.1%)
	1024	99.9%	(0.4%)
	2048	99.5%	(0.8%)
	4096	98.7%	(9.3%)
	8192	89.4%	(42.6%)
	16384	46.8%	(46.8%)

495000	avg = 214935	max = 366820
	512	100%	(0.1%)
	1024	99.9%	(1.3%)
	2048	98.6%	(1.8%)
	4096	96.8%	(6.4%)
	8192	90.4%	(41%)
	16384	49.4%	(49.4%)

496000	avg = 215941	max = 365476
	256	100%	(0.2%)
	512	99.8%	(0.4%)
	1024	99.4%	(0.6%)
	2048	98.8%	(1.1%)
	4096	97.7%	(7.1%)
	8192	90.6%	(40.7%)
	16384	49.9%	(49.9%)

497000	avg = 216703	max = 366768
	1024	100%	(0.6%)
	2048	99.4%	(1.7%)
	4096	97.7%	(7.6%)
	8192	90.1%	(40.5%)
	16384	49.6%	(49.6%)

498000	avg = 215373	max = 367876
	16	100%	(0.1%)
	512	99.9%	(0.1%)
	1024	99.8%	(0.7%)
	2048	99.1%	(1.3%)
	4096	97.8%	(7.2%)
	8192	90.6%	(40.5%)
	16384	50.1%	(50.1%)

499000	avg = 218934	max = 365752
	512	100%	(0.2%)
	1024	99.8%	(0.9%)
	2048	98.9%	(1.3%)
	4096	97.6%	(7.9%)
	8192	89.7%	(37.5%)
	16384	52.2%	(52.2%)

500000	avg = 218092	max = 372312
	1024	100%	(0.5%)
	2048	99.5%	(1.6%)
	4096	97.9%	(6.9%)
	8192	91%	(39.2%)
	16384	51.8%	(51.8%)
